#
# A fatal error has been detected by the Java Runtime Environment:
#
#  SIGSEGV (0xb) at pc=0x000000010f617d85, pid=6910, tid=5891
#
# JRE version: OpenJDK Runtime Environment (17.0.6) (build 17.0.6+0-17.0.6b802.4-9586694)
# Java VM: OpenJDK 64-Bit Server VM (17.0.6+0-17.0.6b802.4-9586694, mixed mode, tiered, compressed oops, compressed class ptrs, g1 gc, bsd-amd64)
# Problematic frame:
# V  [libjvm.dylib+0x530d85]  _ZN23java_lang_boxing_object10basic_typeEP7oopDesc+0x15
#
# No core dump will be written. Core dumps have been disabled. To enable core dumping, try "ulimit -c unlimited" before starting Java again
#
# If you would like to submit a bug report, please visit:
#   https://bugreport.java.com/bugreport/crash.jsp
#

---------------  S U M M A R Y ------------

Command Line: -Djava.awt.headless=true -Dorg.gradle.internal.worker.tmpdir=/Users/user/androidProject/Movies/app/build/tmp/testDebugUnitTest/work -Dorg.gradle.native=false -agentlib:jdwp=transport=dt_socket,server=n,suspend=y,address=127.0.0.1:59061 -javaagent:/Users/user/.gradle/caches/modules-2/files-2.1/org.jetbrains.kotlinx/kotlinx-coroutines-core-jvm/1.7.1/63a0779cf668e2a47d13fda7c3b0c4f8dc7762f4/kotlinx-coroutines-core-jvm-1.7.1.jar -Xmx512m -Dfile.encoding=UTF-8 -Duser.country=ID -Duser.language=en -Duser.variant -ea worker.org.gradle.process.internal.worker.GradleWorkerMain 'Gradle Test Executor 1'

Host: "MacBookPro14,1" x86_64 2300 MHz, 4 cores, 16G, Darwin 21.6.0, macOS 12.6.1 (21G217)
Time: Fri Aug  4 02:57:33 2023 WIB elapsed time: 16.880053 seconds (0d 0h 0m 16s)

---------------  T H R E A D  ---------------

Current thread (0x00007fe5fe80a200):  JavaThread "Test worker" [_thread_in_vm, id=5891, stack(0x0000700008e03000,0x0000700008f03000)]

Stack: [0x0000700008e03000,0x0000700008f03000],  sp=0x0000700008f00bd0,  free space=1014k
Native frames: (J=compiled Java code, j=interpreted, Vv=VM code, C=native code)
V  [libjvm.dylib+0x530d85]  _ZN23java_lang_boxing_object10basic_typeEP7oopDesc+0x15
V  [libjvm.dylib+0x51cac8]  _ZN18InterpreterRuntime11resolve_ldcEP10JavaThreadN9Bytecodes4CodeE+0x1c8
j  com.redveloper.movies.domain.usecase.base.BaseUseCaseImpl.allowExecute(Lcom/redveloper/movies/domain/usecase/base/IBaseUseaCase$AllowExecuteCallback;)V+21
j  com.redveloper.movies.domain.usecase.base.BaseUseCase.allowExecute(Lkotlin/jvm/functions/Function0;Lkotlin/jvm/functions/Function0;)V+28
j  com.redveloper.movies.domain.usecase.GetDetailMovieUseCase.execute(Lcom/redveloper/movies/domain/usecase/GetDetailMovieUseCase$Input;Lcom/redveloper/movies/domain/usecase/GetDetailMovieUseCase$Output;)V+37
j  com.redveloper.movies.domain.usecase.GetDetailMovieUseCaseTest.successExecuteDetailMovie()V+131
v  ~StubRoutines::call_stub
V  [libjvm.dylib+0x526852]  _ZN9JavaCalls11call_helperEP9JavaValueRK12methodHandleP17JavaCallArgumentsP10JavaThread+0x2a2
V  [libjvm.dylib+0x9292c8]  _ZL6invokeP13InstanceKlassRK12methodHandle6Handleb14objArrayHandle9BasicTypeS5_bP10JavaThread+0xa18
V  [libjvm.dylib+0x92885f]  _ZN10Reflection13invoke_methodEP7oopDesc6Handle14objArrayHandleP10JavaThread+0x12f
V  [libjvm.dylib+0x5d18ce]  JVM_InvokeMethod+0x30e
J 1390  jdk.internal.reflect.NativeMethodAccessorImpl.invoke0(Ljava/lang/reflect/Method;Ljava/lang/Object;[Ljava/lang/Object;)Ljava/lang/Object; java.base@17.0.6 (0 bytes) @ 0x000000011e8195b8 [0x000000011e8194c0+0x00000000000000f8]
J 1958 c1 jdk.internal.reflect.NativeMethodAccessorImpl.invoke(Ljava/lang/Object;[Ljava/lang/Object;)Ljava/lang/Object; java.base@17.0.6 (137 bytes) @ 0x000000011706df6c [0x000000011706dc20+0x000000000000034c]
J 1264 c1 jdk.internal.reflect.DelegatingMethodAccessorImpl.invoke(Ljava/lang/Object;[Ljava/lang/Object;)Ljava/lang/Object; java.base@17.0.6 (10 bytes) @ 0x0000000116f47364 [0x0000000116f47240+0x0000000000000124]
J 1736 c1 java.lang.reflect.Method.invoke(Ljava/lang/Object;[Ljava/lang/Object;)Ljava/lang/Object; java.base@17.0.6 (65 bytes) @ 0x0000000117028e24 [0x0000000117028ce0+0x0000000000000144]
j  org.junit.runners.model.FrameworkMethod$1.runReflectiveCall()Ljava/lang/Object;+15
j  org.junit.internal.runners.model.ReflectiveCallable.run()Ljava/lang/Object;+1
j  org.junit.runners.model.FrameworkMethod.invokeExplosively(Ljava/lang/Object;[Ljava/lang/Object;)Ljava/lang/Object;+10
j  org.junit.internal.runners.statements.InvokeMethod.evaluate()V+12
j  org.junit.internal.runners.statements.RunBefores.evaluate()V+41
j  org.junit.runners.ParentRunner$3.evaluate()V+4
j  org.junit.runners.BlockJUnit4ClassRunner$1.evaluate()V+11
j  org.junit.runners.ParentRunner.runLeaf(Lorg/junit/runners/model/Statement;Lorg/junit/runner/Description;Lorg/junit/runner/notification/RunNotifier;)V+17
j  org.junit.runners.BlockJUnit4ClassRunner.runChild(Lorg/junit/runners/model/FrameworkMethod;Lorg/junit/runner/notification/RunNotifier;)V+38
j  org.junit.runners.BlockJUnit4ClassRunner.runChild(Ljava/lang/Object;Lorg/junit/runner/notification/RunNotifier;)V+6
j  org.junit.runners.ParentRunner$4.run()V+12
j  org.junit.runners.ParentRunner$1.schedule(Ljava/lang/Runnable;)V+1
j  org.junit.runners.ParentRunner.runChildren(Lorg/junit/runner/notification/RunNotifier;)V+44
j  org.junit.runners.ParentRunner.access$100(Lorg/junit/runners/ParentRunner;Lorg/junit/runner/notification/RunNotifier;)V+2
j  org.junit.runners.ParentRunner$2.evaluate()V+8
j  org.junit.runners.ParentRunner$3.evaluate()V+4
j  org.junit.runners.ParentRunner.run(Lorg/junit/runner/notification/RunNotifier;)V+24
j  org.gradle.api.internal.tasks.testing.junit.JUnitTestClassExecutor.runTestClass(Ljava/lang/String;)V+280
j  org.gradle.api.internal.tasks.testing.junit.JUnitTestClassExecutor.execute(Ljava/lang/String;)V+12
j  org.gradle.api.internal.tasks.testing.junit.JUnitTestClassExecutor.execute(Ljava/lang/Object;)V+5
j  org.gradle.api.internal.tasks.testing.junit.AbstractJUnitTestClassProcessor.processTestClass(Lorg/gradle/api/internal/tasks/testing/TestClassRunInfo;)V+26
j  org.gradle.api.internal.tasks.testing.SuiteTestClassProcessor.processTestClass(Lorg/gradle/api/internal/tasks/testing/TestClassRunInfo;)V+5
v  ~StubRoutines::call_stub
V  [libjvm.dylib+0x526852]  _ZN9JavaCalls11call_helperEP9JavaValueRK12methodHandleP17JavaCallArgumentsP10JavaThread+0x2a2
V  [libjvm.dylib+0x9292c8]  _ZL6invokeP13InstanceKlassRK12methodHandle6Handleb14objArrayHandle9BasicTypeS5_bP10JavaThread+0xa18
V  [libjvm.dylib+0x92885f]  _ZN10Reflection13invoke_methodEP7oopDesc6Handle14objArrayHandleP10JavaThread+0x12f
V  [libjvm.dylib+0x5d18ce]  JVM_InvokeMethod+0x30e
j  jdk.internal.reflect.NativeMethodAccessorImpl.invoke0(Ljava/lang/reflect/Method;Ljava/lang/Object;[Ljava/lang/Object;)Ljava/lang/Object;+0 java.base@17.0.6
j  jdk.internal.reflect.NativeMethodAccessorImpl.invoke(Ljava/lang/Object;[Ljava/lang/Object;)Ljava/lang/Object;+133 java.base@17.0.6
j  jdk.internal.reflect.DelegatingMethodAccessorImpl.invoke(Ljava/lang/Object;[Ljava/lang/Object;)Ljava/lang/Object;+6 java.base@17.0.6
j  java.lang.reflect.Method.invoke(Ljava/lang/Object;[Ljava/lang/Object;)Ljava/lang/Object;+59 java.base@17.0.6
j  org.gradle.internal.dispatch.ReflectionDispatch.dispatch(Lorg/gradle/internal/dispatch/MethodInvocation;)V+19
j  org.gradle.internal.dispatch.ReflectionDispatch.dispatch(Ljava/lang/Object;)V+5
j  org.gradle.internal.dispatch.ContextClassLoaderDispatch.dispatch(Ljava/lang/Object;)V+22
j  org.gradle.internal.dispatch.ProxyDispatchAdapter$DispatchingInvocationHandler.invoke(Ljava/lang/Object;Ljava/lang/reflect/Method;[Ljava/lang/Object;)Ljava/lang/Object;+177
j  jdk.proxy1.$Proxy2.processTestClass(Lorg/gradle/api/internal/tasks/testing/TestClassRunInfo;)V+16 jdk.proxy1
j  org.gradle.api.internal.tasks.testing.worker.TestWorker$2.run()V+34
j  org.gradle.api.internal.tasks.testing.worker.TestWorker.executeAndMaintainThreadName(Ljava/lang/Runnable;)V+1
j  org.gradle.api.internal.tasks.testing.worker.TestWorker.execute(Lorg/gradle/process/internal/worker/WorkerProcessContext;)V+80
j  org.gradle.api.internal.tasks.testing.worker.TestWorker.execute(Ljava/lang/Object;)V+5
j  org.gradle.process.internal.worker.child.ActionExecutionWorker.execute(Lorg/gradle/process/internal/worker/WorkerProcessContext;)V+65
j  org.gradle.process.internal.worker.child.SystemApplicationClassLoaderWorker.call()Ljava/lang/Void;+293
j  org.gradle.process.internal.worker.child.SystemApplicationClassLoaderWorker.call()Ljava/lang/Object;+1
j  worker.org.gradle.process.internal.worker.GradleWorkerMain.run()V+250
j  worker.org.gradle.process.internal.worker.GradleWorkerMain.main([Ljava/lang/String;)V+7
v  ~StubRoutines::call_stub
V  [libjvm.dylib+0x526852]  _ZN9JavaCalls11call_helperEP9JavaValueRK12methodHandleP17JavaCallArgumentsP10JavaThread+0x2a2
V  [libjvm.dylib+0x589c3c]  _ZL17jni_invoke_staticP7JNIEnv_P9JavaValueP8_jobject11JNICallTypeP10_jmethodIDP18JNI_ArgumentPusherP10JavaThread+0x13c
V  [libjvm.dylib+0x58d0a3]  jni_CallStaticVoidMethod+0x193
C  [libjli.dylib+0x98bd]  JavaMain+0x9cd
C  [libjli.dylib+0xc089]  ThreadJavaMain+0x9
C  [libsystem_pthread.dylib+0x64e1]  _pthread_start+0x7d
C  [libsystem_pthread.dylib+0x1f6b]  thread_start+0xf

Java frames: (J=compiled Java code, j=interpreted, Vv=VM code)
j  com.redveloper.movies.domain.usecase.base.BaseUseCaseImpl.allowExecute(Lcom/redveloper/movies/domain/usecase/base/IBaseUseaCase$AllowExecuteCallback;)V+21
j  com.redveloper.movies.domain.usecase.base.BaseUseCase.allowExecute(Lkotlin/jvm/functions/Function0;Lkotlin/jvm/functions/Function0;)V+28
j  com.redveloper.movies.domain.usecase.GetDetailMovieUseCase.execute(Lcom/redveloper/movies/domain/usecase/GetDetailMovieUseCase$Input;Lcom/redveloper/movies/domain/usecase/GetDetailMovieUseCase$Output;)V+37
j  com.redveloper.movies.domain.usecase.GetDetailMovieUseCaseTest.successExecuteDetailMovie()V+131
v  ~StubRoutines::call_stub
J 1390  jdk.internal.reflect.NativeMethodAccessorImpl.invoke0(Ljava/lang/reflect/Method;Ljava/lang/Object;[Ljava/lang/Object;)Ljava/lang/Object; java.base@17.0.6 (0 bytes) @ 0x000000011e81953f [0x000000011e8194c0+0x000000000000007f]
J 1958 c1 jdk.internal.reflect.NativeMethodAccessorImpl.invoke(Ljava/lang/Object;[Ljava/lang/Object;)Ljava/lang/Object; java.base@17.0.6 (137 bytes) @ 0x000000011706df6c [0x000000011706dc20+0x000000000000034c]
J 1264 c1 jdk.internal.reflect.DelegatingMethodAccessorImpl.invoke(Ljava/lang/Object;[Ljava/lang/Object;)Ljava/lang/Object; java.base@17.0.6 (10 bytes) @ 0x0000000116f47364 [0x0000000116f47240+0x0000000000000124]
J 1736 c1 java.lang.reflect.Method.invoke(Ljava/lang/Object;[Ljava/lang/Object;)Ljava/lang/Object; java.base@17.0.6 (65 bytes) @ 0x0000000117028e24 [0x0000000117028ce0+0x0000000000000144]
j  org.junit.runners.model.FrameworkMethod$1.runReflectiveCall()Ljava/lang/Object;+15
j  org.junit.internal.runners.model.ReflectiveCallable.run()Ljava/lang/Object;+1
j  org.junit.runners.model.FrameworkMethod.invokeExplosively(Ljava/lang/Object;[Ljava/lang/Object;)Ljava/lang/Object;+10
j  org.junit.internal.runners.statements.InvokeMethod.evaluate()V+12
j  org.junit.internal.runners.statements.RunBefores.evaluate()V+41
j  org.junit.runners.ParentRunner$3.evaluate()V+4
j  org.junit.runners.BlockJUnit4ClassRunner$1.evaluate()V+11
j  org.junit.runners.ParentRunner.runLeaf(Lorg/junit/runners/model/Statement;Lorg/junit/runner/Description;Lorg/junit/runner/notification/RunNotifier;)V+17
j  org.junit.runners.BlockJUnit4ClassRunner.runChild(Lorg/junit/runners/model/FrameworkMethod;Lorg/junit/runner/notification/RunNotifier;)V+38
j  org.junit.runners.BlockJUnit4ClassRunner.runChild(Ljava/lang/Object;Lorg/junit/runner/notification/RunNotifier;)V+6
j  org.junit.runners.ParentRunner$4.run()V+12
j  org.junit.runners.ParentRunner$1.schedule(Ljava/lang/Runnable;)V+1
j  org.junit.runners.ParentRunner.runChildren(Lorg/junit/runner/notification/RunNotifier;)V+44
j  org.junit.runners.ParentRunner.access$100(Lorg/junit/runners/ParentRunner;Lorg/junit/runner/notification/RunNotifier;)V+2
j  org.junit.runners.ParentRunner$2.evaluate()V+8
j  org.junit.runners.ParentRunner$3.evaluate()V+4
j  org.junit.runners.ParentRunner.run(Lorg/junit/runner/notification/RunNotifier;)V+24
j  org.gradle.api.internal.tasks.testing.junit.JUnitTestClassExecutor.runTestClass(Ljava/lang/String;)V+280
j  org.gradle.api.internal.tasks.testing.junit.JUnitTestClassExecutor.execute(Ljava/lang/String;)V+12
j  org.gradle.api.internal.tasks.testing.junit.JUnitTestClassExecutor.execute(Ljava/lang/Object;)V+5
j  org.gradle.api.internal.tasks.testing.junit.AbstractJUnitTestClassProcessor.processTestClass(Lorg/gradle/api/internal/tasks/testing/TestClassRunInfo;)V+26
j  org.gradle.api.internal.tasks.testing.SuiteTestClassProcessor.processTestClass(Lorg/gradle/api/internal/tasks/testing/TestClassRunInfo;)V+5
v  ~StubRoutines::call_stub
j  jdk.internal.reflect.NativeMethodAccessorImpl.invoke0(Ljava/lang/reflect/Method;Ljava/lang/Object;[Ljava/lang/Object;)Ljava/lang/Object;+0 java.base@17.0.6
j  jdk.internal.reflect.NativeMethodAccessorImpl.invoke(Ljava/lang/Object;[Ljava/lang/Object;)Ljava/lang/Object;+133 java.base@17.0.6
j  jdk.internal.reflect.DelegatingMethodAccessorImpl.invoke(Ljava/lang/Object;[Ljava/lang/Object;)Ljava/lang/Object;+6 java.base@17.0.6
j  java.lang.reflect.Method.invoke(Ljava/lang/Object;[Ljava/lang/Object;)Ljava/lang/Object;+59 java.base@17.0.6
j  org.gradle.internal.dispatch.ReflectionDispatch.dispatch(Lorg/gradle/internal/dispatch/MethodInvocation;)V+19
j  org.gradle.internal.dispatch.ReflectionDispatch.dispatch(Ljava/lang/Object;)V+5
j  org.gradle.internal.dispatch.ContextClassLoaderDispatch.dispatch(Ljava/lang/Object;)V+22
j  org.gradle.internal.dispatch.ProxyDispatchAdapter$DispatchingInvocationHandler.invoke(Ljava/lang/Object;Ljava/lang/reflect/Method;[Ljava/lang/Object;)Ljava/lang/Object;+177
j  jdk.proxy1.$Proxy2.processTestClass(Lorg/gradle/api/internal/tasks/testing/TestClassRunInfo;)V+16 jdk.proxy1
j  org.gradle.api.internal.tasks.testing.worker.TestWorker$2.run()V+34
j  org.gradle.api.internal.tasks.testing.worker.TestWorker.executeAndMaintainThreadName(Ljava/lang/Runnable;)V+1
j  org.gradle.api.internal.tasks.testing.worker.TestWorker.execute(Lorg/gradle/process/internal/worker/WorkerProcessContext;)V+80
j  org.gradle.api.internal.tasks.testing.worker.TestWorker.execute(Ljava/lang/Object;)V+5
j  org.gradle.process.internal.worker.child.ActionExecutionWorker.execute(Lorg/gradle/process/internal/worker/WorkerProcessContext;)V+65
j  org.gradle.process.internal.worker.child.SystemApplicationClassLoaderWorker.call()Ljava/lang/Void;+293
j  org.gradle.process.internal.worker.child.SystemApplicationClassLoaderWorker.call()Ljava/lang/Object;+1
j  worker.org.gradle.process.internal.worker.GradleWorkerMain.run()V+250
j  worker.org.gradle.process.internal.worker.GradleWorkerMain.main([Ljava/lang/String;)V+7
v  ~StubRoutines::call_stub

siginfo: si_signo: 11 (SIGSEGV), si_code: 1 (SEGV_MAPERR), si_addr: 0x0000000000000070

Register to memory mapping:

RAX=0x000000010fe578d1: UseCompressedClassPointers+0 in /Applications/Android Studio.app/Contents/jbr/Contents/Home/lib/server/libjvm.dylib at 0x000000010f0e7000
RBX={method} {0x0000000127dbbe20} 'allowExecute' '(Lcom/redveloper/movies/domain/usecase/base/IBaseUseaCase$AllowExecuteCallback;)V' in 'com/redveloper/movies/domain/usecase/base/BaseUseCaseImpl'
RCX=0x0000000000000012 is an unknown value
RDX=0x0000000000000006 is an unknown value
RSP=0x0000700008f00bd0 is pointing into the stack for thread: 0x00007fe5fe80a200
RBP=0x0000700008f00bd0 is pointing into the stack for thread: 0x00007fe5fe80a200
RSI=0x0000000000000007 is an unknown value
RDI=0x0000000000000068 is an unknown value
R8 =0x0000000127dbaed0 is pointing into metadata
R9 =0x000000010dc64000 points into unknown readable memory: 0x0100050403020100 | 00 01 02 03 04 05 00 01
R10=0x000000010fe739c0: _ZN19TemplateInterpreter13_normal_tableE+0x4800 in /Applications/Android Studio.app/Contents/jbr/Contents/Home/lib/server/libjvm.dylib at 0x000000010f0e7000
R11=0x00000000000000ff is an unknown value
R12=0x000000000000000c is an unknown value
R13=0x00007fe5fe704cf0 points into unknown readable memory: 0x0000000000000000 | 00 00 00 00 00 00 00 00
R14=0x0000600001745860 points into unknown readable memory: 0x0000000000000002 | 02 00 00 00 00 00 00 00
R15=0x00007fe5fe80a200 is a thread


Registers:
RAX=0x000000010fe578d1, RBX=0x0000000127dbbe20, RCX=0x0000000000000012, RDX=0x0000000000000006
RSP=0x0000700008f00bd0, RBP=0x0000700008f00bd0, RSI=0x0000000000000007, RDI=0x0000000000000068
R8 =0x0000000127dbaed0, R9 =0x000000010dc64000, R10=0x000000010fe739c0, R11=0x00000000000000ff
R12=0x000000000000000c, R13=0x00007fe5fe704cf0, R14=0x0000600001745860, R15=0x00007fe5fe80a200
RIP=0x000000010f617d85, EFLAGS=0x0000000000010202, ERR=0x0000000000000004
  TRAPNO=0x000000000000000e

Top of Stack: (sp=0x0000700008f00bd0)
0x0000700008f00bd0:   0000700008f00ca0 000000010f603ac8
0x0000700008f00be0:   00007fe5fe704d00 00007fe5fe7050d8
0x0000700008f00bf0:   0000700008f00cb8 000000011e216e05
0x0000700008f00c00:   000000011e20cb10 0000700000000000
0x0000700008f00c10:   0000700008f00d10 0000700008f00cb8
0x0000700008f00c20:   0000700008f00cb8 0000000127dbbd7d
0x0000700008f00c30:   0000000100000012 0000000127dbbe20
0x0000700008f00c40:   0000700000000000 0000700008f00d10
0x0000700008f00c50:   0000700008f00cb8 0000000127dbbe20
0x0000700008f00c60:   00007fe5fe80a200 00000000000003d8
0x0000700008f00c70:   0000001208f00d10 00000000000000ca
0x0000700008f00c80:   0000000000000000 0000000127dbbd7d
0x0000700008f00c90:   0000700008f00d40 00007fe5fe80a200
0x0000700008f00ca0:   0000700008f00d10 000000011e216e4a
0x0000700008f00cb0:   000000011e216e05 00000007ee36a988
0x0000700008f00cc0:   00000007ee3064a8 0000700008f00cc8
0x0000700008f00cd0:   0000000127dbbd7d 0000700008f00d40
0x0000700008f00ce0:   0000000127dbcec8 0000000000000000
0x0000700008f00cf0:   00000007ee51e458 0000000127dbbe20
0x0000700008f00d00:   0000000000000000 0000700008f00d38
0x0000700008f00d10:   0000700008f00d90 000000011e20e9f0
0x0000700008f00d20:   0000000000000000 0000000000000000
0x0000700008f00d30:   00000007ee3064a8 00000007e1bf0600
0x0000700008f00d40:   00000007ee36a988 0000700008f00d48
0x0000700008f00d50:   00000001166a64e4 0000700008f00db0
0x0000700008f00d60:   0000000127e31940 0000000000000000
0x0000700008f00d70:   00000007ee44bd28 00000001166a6520
0x0000700008f00d80:   0000700008f00d38 0000700008f00da0
0x0000700008f00d90:   0000700008f00e00 000000011e20de90
0x0000700008f00da0:   00000007e1bed368 00000007e1be9bb8
0x0000700008f00db0:   00000007e235a7d0 0000700008f00db8
0x0000700008f00dc0:   00000001166a5a65 0000700008f00e20 

Instructions: (pc=0x000000010f617d85)
0x000000010f617c85:   0e 31 c9 48 89 c8 5b 41 5c 41 5e 41 5f 5d c3 48
0x000000010f617c95:   89 df 4c 89 e6 e8 e1 26 fd ff 31 c9 48 85 c0 74
0x000000010f617ca5:   e2 49 83 7c 24 08 00 75 da 41 83 c7 fc 41 83 ff
0x000000010f617cb5:   07 77 ce 48 8d 0d 89 00 00 00 4a 63 14 b9 48 01
0x000000010f617cc5:   ca ff e2 48 63 0d 05 05 84 00 41 0f b7 16 66 89
0x000000010f617cd5:   14 01 eb 64 48 63 0d f4 04 84 00 41 8a 16 80 e2
0x000000010f617ce5:   01 88 14 01 eb 52 48 63 0d e2 04 84 00 f3 41 0f
0x000000010f617cf5:   10 06 f3 0f 11 04 01 eb 3f 48 63 0d d3 04 84 00
0x000000010f617d05:   f2 41 0f 10 06 f2 0f 11 04 01 eb 2c 48 63 0d bc
0x000000010f617d15:   04 84 00 41 8a 16 88 14 01 eb 1d 48 63 0d ad 04
0x000000010f617d25:   84 00 41 8b 16 89 14 01 eb 0e 48 63 0d a2 04 84
0x000000010f617d35:   00 49 8b 16 48 89 14 01 48 89 c1 e9 43 ff ff ff
0x000000010f617d45:   0f 1f 00 91 ff ff ff 80 ff ff ff a3 ff ff ff b6
0x000000010f617d55:   ff ff ff c9 ff ff ff 80 ff ff ff d8 ff ff ff e7
0x000000010f617d65:   ff ff ff 0f 1f 84 00 00 00 00 00 48 85 ff 74 25
0x000000010f617d75:   55 48 89 e5 48 8d 05 51 fb 83 00 80 38 00 74 1b
0x000000010f617d85:   8b 7f 08 48 8d 05 f1 c8 7f 00 8a 48 08 48 d3 e7
0x000000010f617d95:   48 03 38 eb 0a b8 63 00 00 00 c3 48 8b 7f 08 e8
0x000000010f617da5:   87 2a 5f 00 89 c1 83 f8 0c b8 63 00 00 00 0f 45
0x000000010f617db5:   c1 5d c3 0f 1f 84 00 00 00 00 00 55 48 89 e5 41
0x000000010f617dc5:   56 53 49 89 f6 48 89 fb 48 8d 05 fd fa 83 00 80
0x000000010f617dd5:   38 00 74 47 8b 7b 08 48 8d 05 9d c8 7f 00 8a 48
0x000000010f617de5:   08 48 d3 e7 48 03 38 e8 3f 2a 5f 00 83 c0 fc 83
0x000000010f617df5:   f8 07 77 38 48 8d 0d ec 00 00 00 48 63 04 81 48
0x000000010f617e05:   01 c8 ff e0 48 63 05 c4 03 84 00 8a 04 18 41 88
0x000000010f617e15:   06 b8 04 00 00 00 5b 41 5e 5d c3 48 8b 7b 08 e8
0x000000010f617e25:   07 2a 5f 00 83 c0 fc 83 f8 07 76 c8 b8 63 00 00
0x000000010f617e35:   00 5b 41 5e 5d c3 48 63 05 92 03 84 00 0f b7 04
0x000000010f617e45:   18 66 41 89 06 b8 05 00 00 00 5b 41 5e 5d c3 48
0x000000010f617e55:   63 05 79 03 84 00 f3 0f 10 04 18 f3 41 0f 11 06
0x000000010f617e65:   b8 06 00 00 00 5b 41 5e 5d c3 48 63 05 62 03 84
0x000000010f617e75:   00 f2 0f 10 04 18 f2 41 0f 11 06 b8 07 00 00 00 


Stack slot to memory mapping:
stack at sp + 0 slots: 0x0000700008f00ca0 is pointing into the stack for thread: 0x00007fe5fe80a200
stack at sp + 1 slots: 0x000000010f603ac8: _ZN18InterpreterRuntime11resolve_ldcEP10JavaThreadN9Bytecodes4CodeE+0x1c8 in /Applications/Android Studio.app/Contents/jbr/Contents/Home/lib/server/libjvm.dylib at 0x000000010f0e7000
stack at sp + 2 slots: 0x00007fe5fe704d00 points into unknown readable memory: 0x000060000285dfac | ac df 85 02 00 60 00 00
stack at sp + 3 slots: 0x00007fe5fe7050d8 points into unknown readable memory: 0x0000000000000000 | 00 00 00 00 00 00 00 00
stack at sp + 4 slots: 0x0000700008f00cb8 is pointing into the stack for thread: 0x00007fe5fe80a200
stack at sp + 5 slots: 0x000000011e216e05 is at code_begin+453 in an Interpreter codelet
ldc  18 ldc  [0x000000011e216c40, 0x000000011e217000]  960 bytes
stack at sp + 6 slots: 0x000000011e20cb10 is at code_begin+-112 in 
[CodeBlob (0x000000011e20cb10)]
Framesize: 0
BufferBlob (0x000000011e20cb10) used for Interpreter
stack at sp + 7 slots: 0x0000700000000000 is an unknown value


---------------  P R O C E S S  ---------------

Threads class SMR info:
_java_thread_list=0x00006000019ce2a0, length=20, elements={
0x00007fe5fe80a200, 0x00007fe600819a00, 0x00007fe600817e00, 0x00007fe5fe861800,
0x00007fe5fe863000, 0x00007fe5fe863600, 0x00007fe5fe863c00, 0x00007fe5fe864200,
0x00007fe5fe864800, 0x00007fe5fe88e000, 0x00007fe5fe88f600, 0x00007fe5ff89ae00,
0x00007fe600818400, 0x00007fe5ff89a800, 0x00007fe5fe9aa200, 0x00007fe5feaf5200,
0x00007fe600940400, 0x00007fe60081f200, 0x00007fe60086b200, 0x00007fe5fec64a00
}

Java Threads: ( => current thread )
=>0x00007fe5fe80a200 JavaThread "Test worker" [_thread_in_vm, id=5891, stack(0x0000700008e03000,0x0000700008f03000)]
  0x00007fe600819a00 JavaThread "Reference Handler" daemon [_thread_blocked, id=15363, stack(0x0000700009518000,0x0000700009618000)]
  0x00007fe600817e00 JavaThread "Finalizer" daemon [_thread_blocked, id=15107, stack(0x000070000961b000,0x000070000971b000)]
  0x00007fe5fe861800 JavaThread "Signal Dispatcher" daemon [_thread_blocked, id=42243, stack(0x0000700009824000,0x0000700009924000)]
  0x00007fe5fe863000 JavaThread "Service Thread" daemon [_thread_blocked, id=22787, stack(0x0000700009927000,0x0000700009a27000)]
  0x00007fe5fe863600 JavaThread "Monitor Deflation Thread" daemon [_thread_blocked, id=41475, stack(0x0000700009a2a000,0x0000700009b2a000)]
  0x00007fe5fe863c00 JavaThread "C2 CompilerThread0" daemon [_thread_blocked, id=40963, stack(0x0000700009b2d000,0x0000700009c2d000)]
  0x00007fe5fe864200 JavaThread "C1 CompilerThread0" daemon [_thread_blocked, id=40451, stack(0x0000700009c30000,0x0000700009d30000)]
  0x00007fe5fe864800 JavaThread "Sweeper thread" daemon [_thread_blocked, id=39939, stack(0x0000700009d33000,0x0000700009e33000)]
  0x00007fe5fe88e000 JavaThread "Common-Cleaner" daemon [_thread_blocked, id=39683, stack(0x0000700009e36000,0x0000700009f36000)]
  0x00007fe5fe88f600 JavaThread "JDWP Transport Listener: dt_socket" daemon [_thread_blocked, id=23303, stack(0x0000700009f39000,0x000070000a039000)]
  0x00007fe5ff89ae00 JavaThread "JDWP Event Helper Thread" daemon [_thread_blocked, id=39171, stack(0x000070000a03c000,0x000070000a13c000)]
  0x00007fe600818400 JavaThread "JDWP Command Reader" daemon [_thread_in_native, id=38659, stack(0x000070000a13f000,0x000070000a23f000)]
  0x00007fe5ff89a800 JavaThread "Coroutines Debugger Cleaner" daemon [_thread_blocked, id=23811, stack(0x000070000a242000,0x000070000a342000)]
  0x00007fe5fe9aa200 JavaThread "Notification Thread" daemon [_thread_blocked, id=24067, stack(0x000070000a345000,0x000070000a445000)]
  0x00007fe5feaf5200 JavaThread "/127.0.0.1:59065 to /127.0.0.1:59063 workers" [_thread_blocked, id=25859, stack(0x000070000a957000,0x000070000aa57000)]
  0x00007fe600940400 JavaThread "/127.0.0.1:59065 to /127.0.0.1:59063 workers Thread 2" [_thread_blocked, id=36355, stack(0x000070000aa5a000,0x000070000ab5a000)]
  0x00007fe60081f200 JavaThread "/127.0.0.1:59065 to /127.0.0.1:59063 workers Thread 3" [_thread_in_native, id=36099, stack(0x000070000ab5d000,0x000070000ac5d000)]
  0x00007fe60086b200 JavaThread "process reaper" daemon [_thread_blocked, id=35843, stack(0x000070000ac60000,0x000070000ac84000)]
  0x00007fe5fec64a00 JavaThread "Attach Listener" daemon [_thread_blocked, id=35331, stack(0x000070000ac87000,0x000070000ad87000)]

Other Threads:
  0x00007fe5ff208500 VMThread "VM Thread" [stack: 0x0000700009415000,0x0000700009515000] [id=15875]
  0x00007fe5fe716280 WatcherThread [stack: 0x000070000a448000,0x000070000a548000] [id=37891]
  0x00007fe5fe707680 GCTaskThread "GC Thread#0" [stack: 0x0000700008f06000,0x0000700009006000] [id=19203]
  0x00007fe5ff1100e0 GCTaskThread "GC Thread#1" [stack: 0x000070000a54b000,0x000070000a64b000] [id=24835]
  0x00007fe5ff110930 GCTaskThread "GC Thread#2" [stack: 0x000070000a64e000,0x000070000a74e000] [id=37635]
  0x00007fe5ff110da0 GCTaskThread "GC Thread#3" [stack: 0x000070000a751000,0x000070000a851000] [id=37123]
  0x00007fe5fe707d20 ConcurrentGCThread "G1 Main Marker" [stack: 0x0000700009009000,0x0000700009109000] [id=18691]
  0x00007fe5fe7085a0 ConcurrentGCThread "G1 Conc#0" [stack: 0x000070000910c000,0x000070000920c000] [id=11779]
  0x00007fe5ff204c60 ConcurrentGCThread "G1 Refine#0" [stack: 0x000070000920f000,0x000070000930f000] [id=12291]
  0x00007fe5ff01eb00 ConcurrentGCThread "G1 Refine#1" [stack: 0x000070000a854000,0x000070000a954000] [id=36611]
  0x00007fe5ff2054f0 ConcurrentGCThread "G1 Service" [stack: 0x0000700009312000,0x0000700009412000] [id=12547]

Threads with active compile tasks:

VM state: not at safepoint (normal execution)

VM Mutex/Monitor currently owned by a thread: None

Heap address: 0x00000007e0000000, size: 512 MB, Compressed Oops mode: Zero based, Oop shift amount: 3

CDS archive(s) not mapped
Compressed class space mapped at: 0x0000000800000000-0x0000000840000000, reserved size: 1073741824
Narrow klass base: 0x0000000800000000, Narrow klass shift: 0, Narrow klass range: 0x40000000

GC Precious Log:
 CPUs: 4 total, 4 available
 Memory: 16384M
 Large Page Support: Disabled
 NUMA Support: Disabled
 Compressed Oops: Enabled (Zero based)
 Heap Region Size: 1M
 Heap Min Capacity: 8M
 Heap Initial Capacity: 256M
 Heap Max Capacity: 512M
 Pre-touch: Disabled
 Parallel Workers: 4
 Concurrent Workers: 1
 Concurrent Refinement Workers: 4
 Periodic GC: Disabled

Heap:
 garbage-first heap   total 40960K, used 19863K [0x00000007e0000000, 0x0000000800000000)
  region size 1024K, 13 young (13312K), 3 survivors (3072K)
 Metaspace       used 22744K, committed 23040K, reserved 1073152K
  class space    used 3137K, committed 3264K, reserved 1048576K

Heap Regions: E=young(eden), S=young(survivor), O=old, HS=humongous(starts), HC=humongous(continues), CS=collection set, F=free, OA=open archive, CA=closed archive, TAMS=top-at-mark-start (previous, next)
|   0|0x00000007e0000000, 0x00000007e0100000, 0x00000007e0100000|100%| O|  |TAMS 0x00000007e0100000, 0x00000007e0000000| Untracked 
|   1|0x00000007e0100000, 0x00000007e0200000, 0x00000007e0200000|100%| O|  |TAMS 0x00000007e0200000, 0x00000007e0100000| Untracked 
|   2|0x00000007e0200000, 0x00000007e0300000, 0x00000007e0300000|100%| O|  |TAMS 0x00000007e0300000, 0x00000007e0200000| Untracked 
|   3|0x00000007e0300000, 0x00000007e0400000, 0x00000007e0400000|100%| O|  |TAMS 0x00000007e0400000, 0x00000007e0300000| Untracked 
|   4|0x00000007e0400000, 0x00000007e0500000, 0x00000007e0500000|100%| O|  |TAMS 0x00000007e0500000, 0x00000007e0400000| Untracked 
|   5|0x00000007e0500000, 0x00000007e0600000, 0x00000007e0600000|100%| O|  |TAMS 0x00000007e0600000, 0x00000007e0500000| Untracked 
|   6|0x00000007e0600000, 0x00000007e0700000, 0x00000007e0700000|100%| O|  |TAMS 0x00000007e0700000, 0x00000007e0600000| Untracked 
|   7|0x00000007e0700000, 0x00000007e0780c00, 0x00000007e0800000| 50%| O|  |TAMS 0x00000007e0780c00, 0x00000007e0700000| Complete 
|   8|0x00000007e0800000, 0x00000007e0800000, 0x00000007e0900000|  0%| F|  |TAMS 0x00000007e0800000, 0x00000007e0800000| Untracked 
|   9|0x00000007e0900000, 0x00000007e0900000, 0x00000007e0a00000|  0%| F|  |TAMS 0x00000007e0900000, 0x00000007e0900000| Untracked 
|  10|0x00000007e0a00000, 0x00000007e0a00000, 0x00000007e0b00000|  0%| F|  |TAMS 0x00000007e0a00000, 0x00000007e0a00000| Untracked 
|  11|0x00000007e0b00000, 0x00000007e0b00000, 0x00000007e0c00000|  0%| F|  |TAMS 0x00000007e0b00000, 0x00000007e0b00000| Untracked 
|  12|0x00000007e0c00000, 0x00000007e0c00000, 0x00000007e0d00000|  0%| F|  |TAMS 0x00000007e0c00000, 0x00000007e0c00000| Untracked 
|  13|0x00000007e0d00000, 0x00000007e0d00000, 0x00000007e0e00000|  0%| F|  |TAMS 0x00000007e0d00000, 0x00000007e0d00000| Untracked 
|  14|0x00000007e0e00000, 0x00000007e0e00000, 0x00000007e0f00000|  0%| F|  |TAMS 0x00000007e0e00000, 0x00000007e0e00000| Untracked 
|  15|0x00000007e0f00000, 0x00000007e0f00000, 0x00000007e1000000|  0%| F|  |TAMS 0x00000007e0f00000, 0x00000007e0f00000| Untracked 
|  16|0x00000007e1000000, 0x00000007e1000000, 0x00000007e1100000|  0%| F|  |TAMS 0x00000007e1000000, 0x00000007e1000000| Untracked 
|  17|0x00000007e1100000, 0x00000007e1100000, 0x00000007e1200000|  0%| F|  |TAMS 0x00000007e1100000, 0x00000007e1100000| Untracked 
|  18|0x00000007e1200000, 0x00000007e1200000, 0x00000007e1300000|  0%| F|  |TAMS 0x00000007e1200000, 0x00000007e1200000| Untracked 
|  19|0x00000007e1300000, 0x00000007e1300000, 0x00000007e1400000|  0%| F|  |TAMS 0x00000007e1300000, 0x00000007e1300000| Untracked 
|  20|0x00000007e1400000, 0x00000007e1400000, 0x00000007e1500000|  0%| F|  |TAMS 0x00000007e1400000, 0x00000007e1400000| Untracked 
|  21|0x00000007e1500000, 0x00000007e1500000, 0x00000007e1600000|  0%| F|  |TAMS 0x00000007e1500000, 0x00000007e1500000| Untracked 
|  22|0x00000007e1600000, 0x00000007e1600000, 0x00000007e1700000|  0%| F|  |TAMS 0x00000007e1600000, 0x00000007e1600000| Untracked 
|  23|0x00000007e1700000, 0x00000007e1700000, 0x00000007e1800000|  0%| F|  |TAMS 0x00000007e1700000, 0x00000007e1700000| Untracked 
|  24|0x00000007e1800000, 0x00000007e1800000, 0x00000007e1900000|  0%| F|  |TAMS 0x00000007e1800000, 0x00000007e1800000| Untracked 
|  25|0x00000007e1900000, 0x00000007e1900000, 0x00000007e1a00000|  0%| F|  |TAMS 0x00000007e1900000, 0x00000007e1900000| Untracked 
|  26|0x00000007e1a00000, 0x00000007e1a00000, 0x00000007e1b00000|  0%| F|  |TAMS 0x00000007e1a00000, 0x00000007e1a00000| Untracked 
|  27|0x00000007e1b00000, 0x00000007e1c00000, 0x00000007e1c00000|100%| E|  |TAMS 0x00000007e1b00000, 0x00000007e1b00000| Complete 
|  28|0x00000007e1c00000, 0x00000007e1d00000, 0x00000007e1d00000|100%| E|CS|TAMS 0x00000007e1c00000, 0x00000007e1c00000| Complete 
|  29|0x00000007e1d00000, 0x00000007e1e00000, 0x00000007e1e00000|100%| E|CS|TAMS 0x00000007e1d00000, 0x00000007e1d00000| Complete 
|  30|0x00000007e1e00000, 0x00000007e1f00000, 0x00000007e1f00000|100%| E|CS|TAMS 0x00000007e1e00000, 0x00000007e1e00000| Complete 
|  31|0x00000007e1f00000, 0x00000007e2000000, 0x00000007e2000000|100%| E|CS|TAMS 0x00000007e1f00000, 0x00000007e1f00000| Complete 
|  32|0x00000007e2000000, 0x00000007e2100000, 0x00000007e2100000|100%| E|CS|TAMS 0x00000007e2000000, 0x00000007e2000000| Complete 
|  33|0x00000007e2100000, 0x00000007e2200000, 0x00000007e2200000|100%| E|CS|TAMS 0x00000007e2100000, 0x00000007e2100000| Complete 
|  34|0x00000007e2200000, 0x00000007e2300000, 0x00000007e2300000|100%| E|CS|TAMS 0x00000007e2200000, 0x00000007e2200000| Complete 
|  35|0x00000007e2300000, 0x00000007e2400000, 0x00000007e2400000|100%| E|CS|TAMS 0x00000007e2300000, 0x00000007e2300000| Complete 
| 227|0x00000007ee300000, 0x00000007ee3e52c8, 0x00000007ee400000| 89%| S|CS|TAMS 0x00000007ee300000, 0x00000007ee300000| Complete 
| 228|0x00000007ee400000, 0x00000007ee500000, 0x00000007ee500000|100%| S|CS|TAMS 0x00000007ee400000, 0x00000007ee400000| Complete 
| 229|0x00000007ee500000, 0x00000007ee600000, 0x00000007ee600000|100%| S|CS|TAMS 0x00000007ee500000, 0x00000007ee500000| Complete 
| 255|0x00000007eff00000, 0x00000007f0000000, 0x00000007f0000000|100%| E|CS|TAMS 0x00000007eff00000, 0x00000007eff00000| Complete 

Card table byte_map: [0x000000010e052000,0x000000010e152000] _byte_map_base: 0x000000010a152000

Marking Bits (Prev, Next): (CMBitMap*) 0x00007fe5fe816850, (CMBitMap*) 0x00007fe5fe816810
 Prev Bits: [0x0000000113056000, 0x0000000113856000)
 Next Bits: [0x000000010e252000, 0x000000010ea52000)

Polling page: 0x000000010dc19000

Metaspace:

Usage:
  Non-class:     19.15 MB used.
      Class:      3.06 MB used.
       Both:     22.21 MB used.

Virtual space:
  Non-class space:       24.00 MB reserved,      19.31 MB ( 80%) committed,  3 nodes.
      Class space:        1.00 GB reserved,       3.19 MB ( <1%) committed,  1 nodes.
             Both:        1.02 GB reserved,      22.50 MB (  2%) committed. 

Chunk freelists:
   Non-Class:  3.91 MB
       Class:  784.00 KB
        Both:  4.67 MB

MaxMetaspaceSize: unlimited
CompressedClassSpaceSize: 1.00 GB
Initial GC threshold: 21.00 MB
Current GC threshold: 35.12 MB
CDS: off
MetaspaceReclaimPolicy: balanced
 - commit_granule_bytes: 65536.
 - commit_granule_words: 8192.
 - virtual_space_node_default_size: 1048576.
 - enlarge_chunks_in_place: 1.
 - new_chunks_are_fully_committed: 0.
 - uncommit_free_chunks: 1.
 - use_allocation_guard: 0.
 - handle_deallocations: 1.


Internal statistics:

num_allocs_failed_limit: 3.
num_arena_births: 312.
num_arena_deaths: 0.
num_vsnodes_births: 4.
num_vsnodes_deaths: 0.
num_space_committed: 360.
num_space_uncommitted: 0.
num_chunks_returned_to_freelist: 3.
num_chunks_taken_from_freelist: 800.
num_chunk_merges: 3.
num_chunk_splits: 546.
num_chunks_enlarged: 392.
num_purges: 0.
num_inconsistent_stats: 0.

CodeHeap 'non-profiled nmethods': size=120032Kb used=848Kb max_used=848Kb free=119183Kb
 bounds [0x000000011e795000, 0x000000011ea05000, 0x0000000125ccd000]
CodeHeap 'profiled nmethods': size=120028Kb used=3937Kb max_used=3937Kb free=116090Kb
 bounds [0x0000000116ccd000, 0x00000001170ad000, 0x000000011e204000]
CodeHeap 'non-nmethods': size=5700Kb used=1265Kb max_used=1347Kb free=4434Kb
 bounds [0x000000011e204000, 0x000000011e474000, 0x000000011e795000]
 total_blobs=2599 nmethods=2094 adapters=418
 compilation: enabled
              stopped_count=0, restarted_count=0
 full_count=0

Compilation events (20 events):
Event: 3.046 Thread 0x00007fe5fe864200 nmethod 2114 0x00000001170a3e90 code [0x00000001170a4040, 0x00000001170a4160]
Event: 3.076 Thread 0x00007fe5fe864200 2125       2       java.util.Collections::singletonIterator (9 bytes)
Event: 3.077 Thread 0x00007fe5fe864200 nmethod 2125 0x00000001170a4210 code [0x00000001170a43a0, 0x00000001170a4530]
Event: 3.077 Thread 0x00007fe5fe864200 2126       2       java.util.Collections$1::<init> (15 bytes)
Event: 3.077 Thread 0x00007fe5fe864200 nmethod 2126 0x00000001170a4610 code [0x00000001170a47a0, 0x00000001170a48f0]
Event: 3.077 Thread 0x00007fe5fe864200 2127       2       java.util.HashMap::values (25 bytes)
Event: 3.077 Thread 0x00007fe5fe864200 nmethod 2127 0x00000001170a4990 code [0x00000001170a4b40, 0x00000001170a4d70]
Event: 3.077 Thread 0x00007fe5fe864200 2124       2       net.bytebuddy.description.method.MethodDescription$TypeSubstituting::getInternalName (10 bytes)
Event: 3.077 Thread 0x00007fe5fe864200 nmethod 2124 0x00000001170a4e10 code [0x00000001170a4fc0, 0x00000001170a50e0]
Event: 3.077 Thread 0x00007fe5fe864200 2123       1       net.bytebuddy.description.method.MethodDescription$TypeSubstituting::getDeclaringType (5 bytes)
Event: 3.077 Thread 0x00007fe5fe864200 nmethod 2123 0x000000011e84bc90 code [0x000000011e84be20, 0x000000011e84bef0]
Event: 3.089 Thread 0x00007fe5fe864200 2128       2       java.lang.ModuleLayer::boot (4 bytes)
Event: 3.089 Thread 0x00007fe5fe864200 nmethod 2128 0x00000001170a5190 code [0x00000001170a5320, 0x00000001170a5410]
Event: 3.259 Thread 0x00007fe5fe863c00 nmethod 1714 0x000000011e84bf90 code [0x000000011e84c7e0, 0x000000011e856f40]
Event: 3.259 Thread 0x00007fe5fe863c00 2060       4       jdk.internal.org.objectweb.asm.SymbolTable::addConstantUtf8 (98 bytes)
Event: 3.310 Thread 0x00007fe5fe863c00 nmethod 2060 0x000000011e85cb90 code [0x000000011e85cd80, 0x000000011e85e838]
Event: 3.310 Thread 0x00007fe5fe863c00 1969  s!   4       jdk.internal.loader.URLClassPath::getLoader (196 bytes)
Event: 3.545 Thread 0x00007fe5fe863c00 nmethod 1969 0x000000011e85f290 code [0x000000011e85f6e0, 0x000000011e865958]
Event: 3.545 Thread 0x00007fe5fe863c00 2044       4       java.lang.StringLatin1::charAt (28 bytes)
Event: 3.546 Thread 0x00007fe5fe863c00 nmethod 2044 0x000000011e868f90 code [0x000000011e869120, 0x000000011e8691b8]

GC Heap History (8 events):
Event: 0.678 GC heap before
{Heap before GC invocations=0 (full 0):
 garbage-first heap   total 262144K, used 13312K [0x00000007e0000000, 0x0000000800000000)
  region size 1024K, 13 young (13312K), 0 survivors (0K)
 Metaspace       used 8581K, committed 8704K, reserved 1056768K
  class space    used 872K, committed 960K, reserved 1048576K
}
Event: 0.687 GC heap after
{Heap after GC invocations=1 (full 0):
 garbage-first heap   total 262144K, used 7585K [0x00000007e0000000, 0x0000000800000000)
  region size 1024K, 2 young (2048K), 2 survivors (2048K)
 Metaspace       used 8581K, committed 8704K, reserved 1056768K
  class space    used 872K, committed 960K, reserved 1048576K
}
Event: 1.069 GC heap before
{Heap before GC invocations=1 (full 0):
 garbage-first heap   total 262144K, used 17825K [0x00000007e0000000, 0x0000000800000000)
  region size 1024K, 12 young (12288K), 2 survivors (2048K)
 Metaspace       used 12930K, committed 13056K, reserved 1064960K
  class space    used 1516K, committed 1600K, reserved 1048576K
}
Event: 1.073 GC heap after
{Heap after GC invocations=2 (full 0):
 garbage-first heap   total 262144K, used 8707K [0x00000007e0000000, 0x0000000800000000)
  region size 1024K, 1 young (1024K), 1 survivors (1024K)
 Metaspace       used 12930K, committed 13056K, reserved 1064960K
  class space    used 1516K, committed 1600K, reserved 1048576K
}
Event: 1.902 GC heap before
{Heap before GC invocations=2 (full 0):
 garbage-first heap   total 262144K, used 28163K [0x00000007e0000000, 0x0000000800000000)
  region size 1024K, 20 young (20480K), 1 survivors (1024K)
 Metaspace       used 17470K, committed 17728K, reserved 1064960K
  class space    used 2259K, committed 2368K, reserved 1048576K
}
Event: 1.906 GC heap after
{Heap after GC invocations=3 (full 0):
 garbage-first heap   total 262144K, used 9775K [0x00000007e0000000, 0x0000000800000000)
  region size 1024K, 3 young (3072K), 3 survivors (3072K)
 Metaspace       used 17470K, committed 17728K, reserved 1064960K
  class space    used 2259K, committed 2368K, reserved 1048576K
}
Event: 2.463 GC heap before
{Heap before GC invocations=3 (full 0):
 garbage-first heap   total 262144K, used 32303K [0x00000007e0000000, 0x0000000800000000)
  region size 1024K, 26 young (26624K), 3 survivors (3072K)
 Metaspace       used 21301K, committed 21504K, reserved 1073152K
  class space    used 2949K, committed 3072K, reserved 1048576K
}
Event: 2.468 GC heap after
{Heap after GC invocations=4 (full 0):
 garbage-first heap   total 262144K, used 10647K [0x00000007e0000000, 0x0000000800000000)
  region size 1024K, 3 young (3072K), 3 survivors (3072K)
 Metaspace       used 21301K, committed 21504K, reserved 1073152K
  class space    used 2949K, committed 3072K, reserved 1048576K
}

Dll operation events (10 events):
Event: 0.024 Loaded shared library /Applications/Android Studio.app/Contents/jbr/Contents/Home/lib/libjava.dylib
Event: 0.232 Loaded shared library /Applications/Android Studio.app/Contents/jbr/Contents/Home/lib/libzip.dylib
Event: 0.238 Loaded shared library /Applications/Android Studio.app/Contents/jbr/Contents/Home/lib/libinstrument.dylib
Event: 0.254 Loaded shared library /Applications/Android Studio.app/Contents/jbr/Contents/Home/lib/libnio.dylib
Event: 0.274 Loaded shared library /Applications/Android Studio.app/Contents/jbr/Contents/Home/lib/libzip.dylib
Event: 0.412 Loaded shared library /Applications/Android Studio.app/Contents/jbr/Contents/Home/lib/libjimage.dylib
Event: 0.638 Loaded shared library /Applications/Android Studio.app/Contents/jbr/Contents/Home/lib/libverify.dylib
Event: 0.696 Loaded shared library /Applications/Android Studio.app/Contents/jbr/Contents/Home/lib/libnet.dylib
Event: 0.877 Loaded shared library /Applications/Android Studio.app/Contents/jbr/Contents/Home/lib/libextnet.dylib
Event: 1.528 Loaded shared library /Applications/Android Studio.app/Contents/jbr/Contents/Home/lib/libinstrument.dylib

Deoptimization events (20 events):
Event: 2.376 Thread 0x00007fe5fe80a200 DEOPT PACKING pc=0x000000011e7c3264 sp=0x0000700008efed20
Event: 2.376 Thread 0x00007fe5fe80a200 DEOPT UNPACKING pc=0x000000011e25a699 sp=0x0000700008efecc0 mode 2
Event: 2.376 Thread 0x00007fe5fe80a200 Uncommon trap: trap_request=0xffffff45 fr.pc=0x000000011e79fce0 relative=0x00000000000001c0
Event: 2.376 Thread 0x00007fe5fe80a200 Uncommon trap: reason=unstable_if action=reinterpret pc=0x000000011e79fce0 method=java.lang.String.isLatin1()Z @ 10 c2
Event: 2.376 Thread 0x00007fe5fe80a200 DEOPT PACKING pc=0x000000011e79fce0 sp=0x0000700008efeed0
Event: 2.376 Thread 0x00007fe5fe80a200 DEOPT UNPACKING pc=0x000000011e25a699 sp=0x0000700008efee20 mode 2
Event: 2.735 Thread 0x00007fe5fe80a200 DEOPT PACKING pc=0x0000000116edc174 sp=0x0000700008efffc0
Event: 2.735 Thread 0x00007fe5fe80a200 DEOPT UNPACKING pc=0x000000011e25ae2f sp=0x0000700008eff478 mode 1
Event: 2.735 Thread 0x00007fe5fe80a200 DEOPT PACKING pc=0x0000000116dcc25c sp=0x0000700008f00090
Event: 2.735 Thread 0x00007fe5fe80a200 DEOPT UNPACKING pc=0x000000011e25ae2f sp=0x0000700008eff568 mode 1
Event: 2.735 Thread 0x00007fe5fe80a200 DEOPT PACKING pc=0x0000000116f133b4 sp=0x0000700008f007a0
Event: 2.735 Thread 0x00007fe5fe80a200 DEOPT UNPACKING pc=0x000000011e25ae2f sp=0x0000700008effcb0 mode 1
Event: 2.853 Thread 0x00007fe5fe80a200 DEOPT PACKING pc=0x000000011707e05d sp=0x0000700008eff7b0
Event: 2.853 Thread 0x00007fe5fe80a200 DEOPT UNPACKING pc=0x000000011e25ae2f sp=0x0000700008efec98 mode 0
Event: 3.048 Thread 0x00007fe5fe80a200 DEOPT PACKING pc=0x0000000116edc174 sp=0x0000700008eff650
Event: 3.048 Thread 0x00007fe5fe80a200 DEOPT UNPACKING pc=0x000000011e25ae2f sp=0x0000700008efeb08 mode 1
Event: 3.048 Thread 0x00007fe5fe80a200 DEOPT PACKING pc=0x0000000116dcc25c sp=0x0000700008eff720
Event: 3.048 Thread 0x00007fe5fe80a200 DEOPT UNPACKING pc=0x000000011e25ae2f sp=0x0000700008efebf8 mode 1
Event: 3.048 Thread 0x00007fe5fe80a200 DEOPT PACKING pc=0x0000000116faef0c sp=0x0000700008effe30
Event: 3.048 Thread 0x00007fe5fe80a200 DEOPT UNPACKING pc=0x000000011e25ae2f sp=0x0000700008eff320 mode 1

Classes unloaded (0 events):
No events

Classes redefined (5 events):
Event: 2.340 Thread 0x00007fe5ff208500 redefined class name=java.lang.Object, count=1
Event: 2.340 Thread 0x00007fe5ff208500 redefined class name=com.redveloper.movies.domain.usecase.base.IBaseUseaCase, count=2
Event: 2.340 Thread 0x00007fe5ff208500 redefined class name=com.redveloper.movies.domain.usecase.base.BaseUseCaseImpl, count=2
Event: 2.397 Thread 0x00007fe5ff208500 redefined class name=com.redveloper.movies.domain.repository.MovieRepository, count=2
Event: 2.412 Thread 0x00007fe5ff208500 redefined class name=com.redveloper.movies.utils.RxSchedulers, count=2

Internal exceptions (20 events):
Event: 1.187 Thread 0x00007fe5fe80a200 Exception <a 'java/lang/NoSuchMethodError'{0x00000007efce0b60}: 'java.lang.Object java.lang.invoke.DirectMethodHandle$Holder.newInvokeSpecial(java.lang.Object, java.lang.Object, long)'> (0x00000007efce0b60) 
thrown [src/hotspot/share/interpreter/linkResolver.cpp, line 771]
Event: 1.187 Thread 0x00007fe5fe80a200 Exception <a 'java/lang/NoSuchMethodError'{0x00000007efce50f8}: 'java.lang.Object java.lang.invoke.Invokers$Holder.linkToTargetMethod(java.lang.Object, long, java.lang.Object)'> (0x00000007efce50f8) 
thrown [src/hotspot/share/interpreter/linkResolver.cpp, line 771]
Event: 1.201 Thread 0x00007fe5fe80a200 Exception <a 'java/lang/NoSuchMethodError'{0x00000007efb277f8}: 'java.lang.Object java.lang.invoke.DirectMethodHandle$Holder.newInvokeSpecial(java.lang.Object, java.lang.Object, java.lang.Object, int)'> (0x00000007efb277f8) 
thrown [src/hotspot/share/interpreter/linkResolver.cpp, line 771]
Event: 1.202 Thread 0x00007fe5fe80a200 Exception <a 'java/lang/NoSuchMethodError'{0x00000007efb2be80}: 'java.lang.Object java.lang.invoke.DirectMethodHandle$Holder.invokeSpecial(java.lang.Object, java.lang.Object, java.lang.Object, java.lang.Object, int)'> (0x00000007efb2be80) 
thrown [src/hotspot/share/interpreter/linkResolver.cpp, line 771]
Event: 1.202 Thread 0x00007fe5fe80a200 Exception <a 'java/lang/NoSuchMethodError'{0x00000007efb2fcf0}: 'java.lang.Object java.lang.invoke.Invokers$Holder.linkToTargetMethod(java.lang.Object, java.lang.Object, int, java.lang.Object)'> (0x00000007efb2fcf0) 
thrown [src/hotspot/share/interpreter/linkResolver.cpp, line 771]
Event: 2.032 Thread 0x00007fe5fe80a200 Exception <a 'java/lang/NoSuchMethodError'{0x00000007efadb960}: 'java.lang.Object java.lang.invoke.DirectMethodHandle$Holder.invokeVirtual(java.lang.Object, java.lang.Object, java.lang.Object)'> (0x00000007efadb960) 
thrown [src/hotspot/share/interpreter/linkResolver.cpp, line 771]
Event: 2.040 Thread 0x00007fe5fe80a200 Exception <a 'java/lang/NoSuchMethodError'{0x00000007ef938268}: 'int java.lang.invoke.DirectMethodHandle$Holder.invokeStaticInit(java.lang.Object, java.lang.Object, java.lang.Object, java.lang.Object)'> (0x00000007ef938268) 
thrown [src/hotspot/share/interpreter/linkResolver.cpp, line 771]
Event: 2.041 Thread 0x00007fe5fe80a200 Exception <a 'java/lang/IncompatibleClassChangeError'{0x00000007ef941670}: Found class java.lang.Object, but interface was expected> (0x00000007ef941670) 
thrown [src/hotspot/share/interpreter/linkResolver.cpp, line 838]
Event: 2.041 Thread 0x00007fe5fe80a200 Exception <a 'java/lang/NoSuchMethodError'{0x00000007ef944950}: 'void java.lang.invoke.DirectMethodHandle$Holder.invokeStaticInit(java.lang.Object, java.lang.Object)'> (0x00000007ef944950) 
thrown [src/hotspot/share/interpreter/linkResolver.cpp, line 771]
Event: 2.042 Thread 0x00007fe5fe80a200 Exception <a 'java/lang/NoSuchMethodError'{0x00000007ef94be30}: 'int java.lang.invoke.DirectMethodHandle$Holder.invokeStaticInit(java.lang.Object, java.lang.Object)'> (0x00000007ef94be30) 
thrown [src/hotspot/share/interpreter/linkResolver.cpp, line 771]
Event: 2.106 Thread 0x00007fe5fe80a200 Exception <a 'java/lang/ClassNotFoundException'{0x00000007ef646eb8}: java/lang/ClassLoader$ByteBuddyAccessor$Sqs0K7dD> (0x00000007ef646eb8) 
thrown [src/hotspot/share/classfile/systemDictionary.cpp, line 256]
Event: 2.260 Thread 0x00007fe5fe80a200 Implicit null exception at 0x000000011e802d19 to 0x000000011e80322c
Event: 2.261 Thread 0x00007fe5fe80a200 Exception <a 'java/lang/NoSuchMethodError'{0x00000007eef51628}: 'void java.lang.invoke.DirectMethodHandle$Holder.invokeStatic(java.lang.Object, java.lang.Object, java.lang.Object)'> (0x00000007eef51628) 
thrown [src/hotspot/share/interpreter/linkResolver.cpp, line 771]
Event: 2.353 Thread 0x00007fe5fe80a200 Exception <a 'java/lang/NoSuchMethodError'{0x00000007eec89b48}: 'java.lang.Object java.lang.invoke.Invokers$Holder.invoker(java.lang.Object, java.lang.Object, java.lang.Object, java.lang.Object)'> (0x00000007eec89b48) 
thrown [src/hotspot/share/interpreter/linkResolver.cpp, line 771]
Event: 2.354 Thread 0x00007fe5fe80a200 Exception <a 'java/lang/NoSuchMethodError'{0x00000007eec940c8}: 'int java.lang.invoke.DirectMethodHandle$Holder.invokeSpecial(java.lang.Object, java.lang.Object, java.lang.Object, java.lang.Object)'> (0x00000007eec940c8) 
thrown [src/hotspot/share/interpreter/linkResolver.cpp, line 771]
Event: 2.402 Thread 0x00007fe5fe80a200 Exception <a 'java/lang/NoSuchMethodError'{0x00000007ee8f0f08}: 'java.lang.Object java.lang.invoke.Invokers$Holder.invoker(java.lang.Object, java.lang.Object, java.lang.Object, java.lang.Object, java.lang.Object)'> (0x00000007ee8f0f08) 
thrown [src/hotspot/share/interpreter/linkResolver.cpp, line 771]
Event: 2.406 Thread 0x00007fe5fe80a200 Exception <a 'java/lang/NoSuchMethodError'{0x00000007ee70f118}: 'int java.lang.invoke.DirectMethodHandle$Holder.invokeVirtual(java.lang.Object, java.lang.Object, java.lang.Object)'> (0x00000007ee70f118) 
thrown [src/hotspot/share/interpreter/linkResolver.cpp, line 771]
Event: 2.840 Thread 0x00007fe5fe80a200 Exception <a 'java/lang/NoSuchMethodError'{0x00000007e210a4a0}: 'java.lang.Object java.lang.invoke.DelegatingMethodHandle$Holder.reinvoke_L(java.lang.Object, java.lang.Object, long, java.lang.Object, java.lang.Object, int, java.lang.Object, java.lang.Object, java.lang.Object, java.lang.Object, java.lang.Object, java.lang.Object, java.lang.Object, java.lang.Object, java.lang.Object, java.lang.Object, java.lang.Object, java.lang.Object, java.lang.Object, java.lang.Object, java.lang.Object, java.lang.Object, 
Event: 2.856 Thread 0x00007fe5fe80a200 Exception <a 'java/lang/NoSuchMethodError'{0x00000007e21bbce0}: 'java.lang.Object java.lang.invoke.DirectMethodHandle$Holder.invokeSpecial(java.lang.Object, java.lang.Object, long, java.lang.Object, java.lang.Object, int, java.lang.Object, java.lang.Object, java.lang.Object, java.lang.Object, java.lang.Object, java.lang.Object, java.lang.Object, java.lang.Object, java.lang.Object, java.lang.Object, java.lang.Object, java.lang.Object, java.lang.Object, java.lang.Object, java.lang.Object, java.lang.Object, j
Event: 2.856 Thread 0x00007fe5fe80a200 Exception <a 'java/lang/NoSuchMethodError'{0x00000007e21c23e8}: 'java.lang.Object java.lang.invoke.DelegatingMethodHandle$Holder.reinvoke_L(java.lang.Object, long, java.lang.Object, java.lang.Object, int, java.lang.Object, java.lang.Object, java.lang.Object, java.lang.Object, java.lang.Object, java.lang.Object, java.lang.Object, java.lang.Object, java.lang.Object, java.lang.Object, java.lang.Object, java.lang.Object, java.lang.Object, java.lang.Object, java.lang.Object, java.lang.Object, java.lang.Object, 

VM Operations (20 events):
Event: 15.168 Executing VM operation: ChangeBreakpoints
Event: 15.169 Executing VM operation: ChangeBreakpoints done
Event: 15.175 Executing VM operation: ChangeBreakpoints
Event: 15.176 Executing VM operation: ChangeBreakpoints done
Event: 15.177 Executing VM operation: ChangeBreakpoints
Event: 15.178 Executing VM operation: ChangeBreakpoints done
Event: 15.267 Executing VM operation: get/set locals
Event: 15.267 Executing VM operation: get/set locals done
Event: 15.268 Executing VM operation: get/set locals
Event: 15.269 Executing VM operation: get/set locals done
Event: 15.269 Executing VM operation: get/set locals
Event: 15.270 Executing VM operation: get/set locals done
Event: 15.273 Executing VM operation: get/set locals
Event: 15.273 Executing VM operation: get/set locals done
Event: 16.866 Executing VM operation: ChangeSingleStep
Event: 16.868 Executing VM operation: ChangeSingleStep done
Event: 16.869 Executing VM operation: ChangeSingleStep
Event: 16.869 Executing VM operation: ChangeSingleStep done
Event: 16.869 Executing VM operation: ChangeSingleStep
Event: 16.870 Executing VM operation: ChangeSingleStep done

Events (20 events):
Event: 7.411 loading class org/mockito/internal/util/reflection/GenericMetadataSupport$FromParameterizedTypeGenericMetadataSupport
Event: 7.411 loading class org/mockito/internal/util/reflection/GenericMetadataSupport$FromParameterizedTypeGenericMetadataSupport done
Event: 7.413 loading class org/mockito/internal/util/Checks
Event: 7.413 loading class org/mockito/internal/util/Checks done
Event: 7.416 loading class org/mockito/internal/stubbing/StubbedInvocationMatcher
Event: 7.416 loading class org/mockito/internal/stubbing/StubbedInvocationMatcher done
Event: 7.419 loading class org/mockito/internal/stubbing/ConsecutiveStubbing
Event: 7.419 loading class org/mockito/internal/stubbing/ConsecutiveStubbing done
Event: 11.131 loading class com/redveloper/movies/domain/usecase/GetDetailMovieUseCase$Input
Event: 11.131 loading class com/redveloper/movies/domain/usecase/GetDetailMovieUseCase$Input done
Event: 12.559 loading class com/redveloper/movies/domain/usecase/GetDetailMovieUseCase$Output
Event: 12.559 loading class com/redveloper/movies/domain/usecase/GetDetailMovieUseCase$Output done
Event: 13.516 loading class com/redveloper/movies/domain/usecase/GetDetailMovieUseCaseTest$successExecuteDetailMovie$1
Event: 13.516 loading class com/redveloper/movies/domain/usecase/GetDetailMovieUseCaseTest$successExecuteDetailMovie$1 done
Event: 15.157 loading class com/redveloper/movies/domain/usecase/GetDetailMovieUseCase$execute$1
Event: 15.157 loading class com/redveloper/movies/domain/usecase/GetDetailMovieUseCase$execute$1 done
Event: 15.163 loading class com/redveloper/movies/domain/usecase/GetDetailMovieUseCase$execute$2
Event: 15.163 loading class com/redveloper/movies/domain/usecase/GetDetailMovieUseCase$execute$2 done
Event: 15.171 loading class com/redveloper/movies/domain/usecase/base/BaseUseCase$allowExecute$1
Event: 15.171 loading class com/redveloper/movies/domain/usecase/base/BaseUseCase$allowExecute$1 done


Dynamic libraries:
0x000000010dc1e000 	/Applications/Android Studio.app/Contents/jbr/Contents/Home/lib/libjli.dylib
0x00007ff821cc4000 	/System/Library/Frameworks/Cocoa.framework/Versions/A/Cocoa
0x00007ff80d918000 	/System/Library/Frameworks/AppKit.framework/Versions/C/AppKit
0x00007ff810e2f000 	/System/Library/Frameworks/CoreData.framework/Versions/A/CoreData
0x00007ff80bd1b000 	/System/Library/Frameworks/Foundation.framework/Versions/C/Foundation
0x00007ff815c52000 	/usr/lib/libSystem.B.dylib
0x00007ff80e7a8000 	/System/Library/PrivateFrameworks/UIFoundation.framework/Versions/A/UIFoundation
0x00007ff81bbc5000 	/System/Library/PrivateFrameworks/RemoteViewServices.framework/Versions/A/RemoteViewServices
0x00007ff813ea6000 	/System/Library/PrivateFrameworks/XCTTargetBootstrap.framework/Versions/A/XCTTargetBootstrap
0x00007ff817a5b000 	/System/Library/PrivateFrameworks/InternationalSupport.framework/Versions/A/InternationalSupport
0x00007ff817ae5000 	/System/Library/PrivateFrameworks/UserActivity.framework/Versions/A/UserActivity
0x00007ff816e39000 	/usr/lib/libspindump.dylib
0x00007ff80ea37000 	/System/Library/Frameworks/UniformTypeIdentifiers.framework/Versions/A/UniformTypeIdentifiers
0x00007ff8125ca000 	/usr/lib/libapp_launch_measurement.dylib
0x00007ff811801000 	/System/Library/PrivateFrameworks/CoreAnalytics.framework/Versions/A/CoreAnalytics
0x00007ff8125cd000 	/System/Library/PrivateFrameworks/CoreAutoLayout.framework/Versions/A/CoreAutoLayout
0x00007ff8137fd000 	/System/Library/Frameworks/Metal.framework/Versions/A/Metal
0x00007ff81452c000 	/usr/lib/liblangid.dylib
0x00007ff813eab000 	/System/Library/PrivateFrameworks/CoreSVG.framework/Versions/A/CoreSVG
0x00007ff80fe23000 	/System/Library/PrivateFrameworks/SkyLight.framework/Versions/A/SkyLight
0x00007ff8101c2000 	/System/Library/Frameworks/CoreGraphics.framework/Versions/A/CoreGraphics
0x00007ff81c285000 	/System/Library/Frameworks/Accelerate.framework/Versions/A/Accelerate
0x00007ff8168b8000 	/System/Library/PrivateFrameworks/IconServices.framework/Versions/A/IconServices
0x00007ff8137e2000 	/System/Library/Frameworks/IOSurface.framework/Versions/A/IOSurface
0x00007ff81182f000 	/usr/lib/libDiagnosticMessagesClient.dylib
0x00007ff815b72000 	/usr/lib/libz.1.dylib
0x00007ff81f968000 	/System/Library/Frameworks/ApplicationServices.framework/Versions/A/ApplicationServices
0x00007ff813e92000 	/System/Library/PrivateFrameworks/DFRFoundation.framework/Versions/A/DFRFoundation
0x00007ff80d200000 	/usr/lib/libicucore.A.dylib
0x00007ff818851000 	/System/Library/Frameworks/AudioToolbox.framework/Versions/A/AudioToolbox
0x00007ff817a67000 	/System/Library/PrivateFrameworks/DataDetectorsCore.framework/Versions/A/DataDetectorsCore
0x00007ff913f66000 	/System/Library/PrivateFrameworks/TextInput.framework/Versions/A/TextInput
0x00007ff80fda6000 	/usr/lib/libMobileGestalt.dylib
0x00007ff813b9e000 	/System/Library/Frameworks/Carbon.framework/Versions/A/Frameworks/HIToolbox.framework/Versions/A/HIToolbox
0x00007ff811fcc000 	/System/Library/Frameworks/QuartzCore.framework/Versions/A/QuartzCore
0x00007ff80cea5000 	/System/Library/Frameworks/Security.framework/Versions/A/Security
0x00007ff81bbfd000 	/System/Library/Frameworks/Carbon.framework/Versions/A/Frameworks/SpeechRecognition.framework/Versions/A/SpeechRecognition
0x00007ff81232a000 	/System/Library/PrivateFrameworks/CoreUI.framework/Versions/A/CoreUI
0x00007ff80c76f000 	/System/Library/Frameworks/CoreAudio.framework/Versions/A/CoreAudio
0x00007ff81191e000 	/System/Library/Frameworks/DiskArbitration.framework/Versions/A/DiskArbitration
0x00007ff817227000 	/System/Library/PrivateFrameworks/MultitouchSupport.framework/Versions/A/MultitouchSupport
0x00007ff80fda5000 	/usr/lib/libenergytrace.dylib
0x00007ff80d804000 	/System/Library/Frameworks/IOKit.framework/Versions/A/IOKit
0x00007ff81bfed000 	/System/Library/Frameworks/CoreServices.framework/Versions/A/CoreServices
0x00007ff812564000 	/System/Library/PrivateFrameworks/PerformanceAnalysis.framework/Versions/A/PerformanceAnalysis
0x00007ffa23c43000 	/System/Library/Frameworks/OpenGL.framework/Versions/A/OpenGL
0x00007ff81518e000 	/System/Library/PrivateFrameworks/MobileKeyBag.framework/Versions/A/MobileKeyBag
0x00007ff80ace5000 	/usr/lib/libobjc.A.dylib
0x00007ff81088e000 	/System/Library/Frameworks/ColorSync.framework/Versions/A/ColorSync
0x00007ff80ae9f000 	/System/Library/Frameworks/CoreFoundation.framework/Versions/A/CoreFoundation
0x00007ff814122000 	/System/Library/Frameworks/CoreImage.framework/Versions/A/CoreImage
0x00007ff80c583000 	/System/Library/Frameworks/CoreText.framework/Versions/A/CoreText
0x00007ff813edb000 	/System/Library/Frameworks/ImageIO.framework/Versions/A/ImageIO
0x00007ff815c58000 	/System/Library/PrivateFrameworks/SoftLinking.framework/Versions/A/SoftLinking
0x00007ff812615000 	/usr/lib/libxml2.2.dylib
0x00007ff80adab000 	/usr/lib/libc++.1.dylib
0x00007ff815edc000 	/usr/lib/libcompression.dylib
0x00007ff81798e000 	/System/Library/PrivateFrameworks/TextureIO.framework/Versions/A/TextureIO
0x00007ff8165ca000 	/usr/lib/libate.dylib
0x00007ff815c4d000 	/usr/lib/system/libcache.dylib
0x00007ff815c09000 	/usr/lib/system/libcommonCrypto.dylib
0x00007ff815c32000 	/usr/lib/system/libcompiler_rt.dylib
0x00007ff815c28000 	/usr/lib/system/libcopyfile.dylib
0x00007ff80abe0000 	/usr/lib/system/libcorecrypto.dylib
0x00007ff80ac9e000 	/usr/lib/system/libdispatch.dylib
0x00007ff80ae5e000 	/usr/lib/system/libdyld.dylib
0x00007ff815c44000 	/usr/lib/system/libkeymgr.dylib
0x00007ff815be7000 	/usr/lib/system/libmacho.dylib
0x00007ff815268000 	/usr/lib/system/libquarantine.dylib
0x00007ff815c42000 	/usr/lib/system/libremovefile.dylib
0x00007ff80fdf3000 	/usr/lib/system/libsystem_asl.dylib
0x00007ff80ab89000 	/usr/lib/system/libsystem_blocks.dylib
0x00007ff80ad22000 	/usr/lib/system/libsystem_c.dylib
0x00007ff815c3a000 	/usr/lib/system/libsystem_collections.dylib
0x00007ff81451c000 	/usr/lib/system/libsystem_configuration.dylib
0x00007ff8137c5000 	/usr/lib/system/libsystem_containermanager.dylib
0x00007ff81591f000 	/usr/lib/system/libsystem_coreservices.dylib
0x00007ff80d494000 	/usr/lib/system/libsystem_darwin.dylib
0x00007ff815c45000 	/usr/lib/system/libsystem_dnssd.dylib
0x00007ff80ad1f000 	/usr/lib/system/libsystem_featureflags.dylib
0x00007ff80ae74000 	/usr/lib/system/libsystem_info.dylib
0x00007ff815b85000 	/usr/lib/system/libsystem_m.dylib
0x00007ff80ac72000 	/usr/lib/system/libsystem_malloc.dylib
0x00007ff80fd8e000 	/usr/lib/system/libsystem_networkextension.dylib
0x00007ff80d8ba000 	/usr/lib/system/libsystem_notify.dylib
0x00007ff81bec2000 	/usr/lib/system/libsystem_product_info_filter.dylib
0x00007ff814520000 	/usr/lib/system/libsystem_sandbox.dylib
0x00007ff815c3f000 	/usr/lib/system/libsystem_secinit.dylib
0x00007ff80ae1a000 	/usr/lib/system/libsystem_kernel.dylib
0x00007ff80ae6a000 	/usr/lib/system/libsystem_platform.dylib
0x00007ff80ae52000 	/usr/lib/system/libsystem_pthread.dylib
0x00007ff811641000 	/usr/lib/system/libsystem_symptoms.dylib
0x00007ff80abc7000 	/usr/lib/system/libsystem_trace.dylib
0x00007ff815c15000 	/usr/lib/system/libunwind.dylib
0x00007ff80ab8b000 	/usr/lib/system/libxpc.dylib
0x00007ff80ae04000 	/usr/lib/libc++abi.dylib
0x00007ff815c20000 	/usr/lib/liboah.dylib
0x00007ff8163a6000 	/usr/lib/liblzma.5.dylib
0x00007ff80ba2d000 	/System/Library/Frameworks/SystemConfiguration.framework/Versions/A/SystemConfiguration
0x00007ff815c54000 	/usr/lib/libfakelink.dylib
0x00007ff80f8fe000 	/System/Library/Frameworks/CFNetwork.framework/Versions/A/CFNetwork
0x00007ff815d95000 	/usr/lib/libarchive.2.dylib
0x00007ff814528000 	/System/Library/PrivateFrameworks/AppleSystemInfo.framework/Versions/A/AppleSystemInfo
0x00007ff81528f000 	/usr/lib/libbsm.0.dylib
0x00007ff80ef0d000 	/usr/lib/libnetwork.dylib
0x00007ff815bed000 	/usr/lib/system/libkxld.dylib
0x00007ff814ec2000 	/System/Library/PrivateFrameworks/IOMobileFramebuffer.framework/Versions/A/IOMobileFramebuffer
0x00007ffb23618000 	/usr/lib/libCoreEntitlements.dylib
0x00007ff815901000 	/System/Library/PrivateFrameworks/AppleFSCompression.framework/Versions/A/AppleFSCompression
0x00007ff815277000 	/usr/lib/libcoretls.dylib
0x00007ff8163c0000 	/usr/lib/libcoretls_cfhelpers.dylib
0x00007ff815ed7000 	/usr/lib/libpam.2.dylib
0x00007ff811260000 	/usr/lib/libsqlite3.dylib
0x00007ff81642f000 	/usr/lib/libxar.1.dylib
0x00007ff815911000 	/usr/lib/libbz2.1.0.dylib
0x00007ff815c59000 	/usr/lib/libpcap.A.dylib
0x00007ff811639000 	/usr/lib/libdns_services.dylib
0x00007ff815ea7000 	/usr/lib/libapple_nghttp2.dylib
0x00007ff815c93000 	/usr/lib/libiconv.2.dylib
0x00007ff815be6000 	/usr/lib/libcharset.1.dylib
0x00007ff812598000 	/System/Library/Frameworks/CoreServices.framework/Versions/A/Frameworks/FSEvents.framework/Versions/A/FSEvents
0x00007ff80d49e000 	/System/Library/Frameworks/CoreServices.framework/Versions/A/Frameworks/CarbonCore.framework/Versions/A/CarbonCore
0x00007ff811882000 	/System/Library/Frameworks/CoreServices.framework/Versions/A/Frameworks/Metadata.framework/Versions/A/Metadata
0x00007ff815924000 	/System/Library/Frameworks/CoreServices.framework/Versions/A/Frameworks/OSServices.framework/Versions/A/OSServices
0x00007ff815e1c000 	/System/Library/Frameworks/CoreServices.framework/Versions/A/Frameworks/SearchKit.framework/Versions/A/SearchKit
0x00007ff8115cb000 	/System/Library/Frameworks/CoreServices.framework/Versions/A/Frameworks/AE.framework/Versions/A/AE
0x00007ff80b3a2000 	/System/Library/Frameworks/CoreServices.framework/Versions/A/Frameworks/LaunchServices.framework/Versions/A/LaunchServices
0x00007ff816357000 	/System/Library/Frameworks/CoreServices.framework/Versions/A/Frameworks/DictionaryServices.framework/Versions/A/DictionaryServices
0x00007ff8125a5000 	/System/Library/Frameworks/CoreServices.framework/Versions/A/Frameworks/SharedFileList.framework/Versions/A/SharedFileList
0x00007ff81526b000 	/usr/lib/libCheckFix.dylib
0x00007ff80fe0a000 	/System/Library/PrivateFrameworks/TCC.framework/Versions/A/TCC
0x00007ff81452e000 	/System/Library/PrivateFrameworks/CoreNLP.framework/Versions/A/CoreNLP
0x00007ff811832000 	/System/Library/PrivateFrameworks/MetadataUtilities.framework/Versions/A/MetadataUtilities
0x00007ff80bade000 	/usr/lib/libmecabra.dylib
0x00007ff81529f000 	/usr/lib/libmecab.dylib
0x00007ff80baa9000 	/usr/lib/libCRFSuite.dylib
0x00007ff8152f9000 	/usr/lib/libgermantok.dylib
0x00007ff815e82000 	/usr/lib/libThaiTokenizer.dylib
0x00007ff811925000 	/System/Library/Frameworks/Accelerate.framework/Versions/A/Frameworks/vImage.framework/Versions/A/vImage
0x00007ff81bfc4000 	/System/Library/Frameworks/Accelerate.framework/Versions/A/Frameworks/vecLib.framework/Versions/A/vecLib
0x00007ff816470000 	/System/Library/Frameworks/Accelerate.framework/Versions/A/Frameworks/vecLib.framework/Versions/A/libvMisc.dylib
0x00007ff814ced000 	/System/Library/Frameworks/Accelerate.framework/Versions/A/Frameworks/vecLib.framework/Versions/A/libvDSP.dylib
0x00007ff80b71d000 	/System/Library/Frameworks/Accelerate.framework/Versions/A/Frameworks/vecLib.framework/Versions/A/libBLAS.dylib
0x00007ff815fb9000 	/System/Library/Frameworks/Accelerate.framework/Versions/A/Frameworks/vecLib.framework/Versions/A/libLAPACK.dylib
0x00007ff8152fc000 	/System/Library/Frameworks/Accelerate.framework/Versions/A/Frameworks/vecLib.framework/Versions/A/libLinearAlgebra.dylib
0x00007ff815ebf000 	/System/Library/Frameworks/Accelerate.framework/Versions/A/Frameworks/vecLib.framework/Versions/A/libSparseBLAS.dylib
0x00007ff815fb3000 	/System/Library/Frameworks/Accelerate.framework/Versions/A/Frameworks/vecLib.framework/Versions/A/libQuadrature.dylib
0x00007ff814619000 	/System/Library/Frameworks/Accelerate.framework/Versions/A/Frameworks/vecLib.framework/Versions/A/libBNNS.dylib
0x00007ff80b9b7000 	/System/Library/Frameworks/Accelerate.framework/Versions/A/Frameworks/vecLib.framework/Versions/A/libSparse.dylib
0x00007ff814612000 	/System/Library/PrivateFrameworks/LinguisticData.framework/Versions/A/LinguisticData
0x00007ff80b96d000 	/System/Library/PrivateFrameworks/Lexicon.framework/Versions/A/Lexicon
0x00007ff816469000 	/usr/lib/libChineseTokenizer.dylib
0x00007ff80c0d8000 	/System/Library/PrivateFrameworks/LanguageModeling.framework/Versions/A/LanguageModeling
0x00007ff815e84000 	/System/Library/PrivateFrameworks/AppleSauce.framework/Versions/A/AppleSauce
0x00007ff814eb0000 	/System/Library/PrivateFrameworks/CoreEmoji.framework/Versions/A/CoreEmoji
0x00007ff815d84000 	/usr/lib/libcmph.dylib
0x00007ff81257c000 	/System/Library/Frameworks/OpenDirectory.framework/Versions/A/Frameworks/CFOpenDirectory.framework/Versions/A/CFOpenDirectory
0x00007ff812570000 	/System/Library/Frameworks/OpenDirectory.framework/Versions/A/OpenDirectory
0x00007ff8163c2000 	/System/Library/PrivateFrameworks/APFS.framework/Versions/A/APFS
0x00007ff8151c6000 	/System/Library/Frameworks/SecurityFoundation.framework/Versions/A/SecurityFoundation
0x00007ff81643d000 	/usr/lib/libutil.dylib
0x00007ff80d7c8000 	/System/Library/PrivateFrameworks/CoreServicesStore.framework/Versions/A/CoreServicesStore
0x00007ff816441000 	/usr/lib/libxslt.1.dylib
0x00007ff815253000 	/System/Library/PrivateFrameworks/BackgroundTaskManagement.framework/Versions/A/BackgroundTaskManagement
0x00007ff8178ae000 	/System/Library/Frameworks/ImageIO.framework/Versions/A/Resources/libRadiance.dylib
0x00007ff8178b7000 	/System/Library/Frameworks/ImageIO.framework/Versions/A/Resources/libJPEG.dylib
0x00007ff817806000 	/System/Library/Frameworks/ImageIO.framework/Versions/A/Resources/libPng.dylib
0x00007ff817827000 	/System/Library/Frameworks/ImageIO.framework/Versions/A/Resources/libTIFF.dylib
0x00007ff817917000 	/System/Library/Frameworks/ImageIO.framework/Versions/A/Resources/libGIF.dylib
0x00007ff817141000 	/System/Library/Frameworks/ImageIO.framework/Versions/A/Resources/libJP2.dylib
0x00007ff81687f000 	/usr/lib/libexpat.1.dylib
0x00007ff8170f6000 	/System/Library/PrivateFrameworks/AppleJPEG.framework/Versions/A/AppleJPEG
0x00007ff813a62000 	/System/Library/PrivateFrameworks/FontServices.framework/libFontParser.dylib
0x00007ff811575000 	/System/Library/PrivateFrameworks/RunningBoardServices.framework/Versions/A/RunningBoardServices
0x00007ff82227f000 	/System/Library/PrivateFrameworks/IOSurfaceAccelerator.framework/Versions/A/IOSurfaceAccelerator
0x00007ff817223000 	/System/Library/PrivateFrameworks/WatchdogClient.framework/Versions/A/WatchdogClient
0x00007ff80c1c6000 	/System/Library/Frameworks/CoreDisplay.framework/Versions/A/CoreDisplay
0x00007ff813960000 	/System/Library/Frameworks/CoreMedia.framework/Versions/A/CoreMedia
0x00007ff8137f4000 	/System/Library/PrivateFrameworks/IOAccelerator.framework/Versions/A/IOAccelerator
0x00007ff8126f9000 	/System/Library/Frameworks/CoreVideo.framework/Versions/A/CoreVideo
0x00007ff815ed5000 	/System/Library/Frameworks/MetalPerformanceShaders.framework/Versions/A/MetalPerformanceShaders
0x00007ff817260000 	/System/Library/Frameworks/VideoToolbox.framework/Versions/A/VideoToolbox
0x00007ff8114bf000 	/System/Library/PrivateFrameworks/BaseBoard.framework/Versions/A/BaseBoard
0x00007ff811246000 	/System/Library/PrivateFrameworks/ProtocolBuffer.framework/Versions/A/ProtocolBuffer
0x00007ff8178a7000 	/System/Library/PrivateFrameworks/GPUWrangler.framework/Versions/A/GPUWrangler
0x00007ff81788b000 	/System/Library/PrivateFrameworks/IOPresentment.framework/Versions/A/IOPresentment
0x00007ff8178b1000 	/System/Library/PrivateFrameworks/DSExternalDisplay.framework/Versions/A/DSExternalDisplay
0x00007ffa23c37000 	/System/Library/Frameworks/OpenGL.framework/Versions/A/Libraries/libCoreFSCache.dylib
0x00007ffb10d0f000 	/System/Library/PrivateFrameworks/GPUCompiler.framework/Versions/31001/Libraries/libGPUCompilerUtils.dylib
0x00007ff81791c000 	/System/Library/PrivateFrameworks/CMCaptureCore.framework/Versions/A/CMCaptureCore
0x00007ff816e27000 	/System/Library/PrivateFrameworks/AppServerSupport.framework/Versions/A/AppServerSupport
0x00007ff8190ea000 	/System/Library/PrivateFrameworks/perfdata.framework/Versions/A/perfdata
0x00007ff80c2f2000 	/System/Library/PrivateFrameworks/AudioToolboxCore.framework/Versions/A/AudioToolboxCore
0x00007ff81393e000 	/System/Library/PrivateFrameworks/caulk.framework/Versions/A/caulk
0x00007ff8189fc000 	/usr/lib/libAudioStatistics.dylib
0x00007ff9106f4000 	/System/Library/PrivateFrameworks/SystemPolicy.framework/Versions/A/SystemPolicy
0x00007ff818c57000 	/usr/lib/libSMC.dylib
0x00007ff821b77000 	/System/Library/Frameworks/CoreMIDI.framework/Versions/A/CoreMIDI
0x00007ff8177d5000 	/usr/lib/libAudioToolboxUtility.dylib
0x00007ff90c91c000 	/System/Library/PrivateFrameworks/OSAServicesClient.framework/Versions/A/OSAServicesClient
0x00007ff8190f7000 	/usr/lib/libperfcheck.dylib
0x00007ff9111a1000 	/usr/lib/libmis.dylib
0x00007ffa23c92000 	/System/Library/Frameworks/OpenGL.framework/Versions/A/Libraries/libGLU.dylib
0x00007ffa23c56000 	/System/Library/Frameworks/OpenGL.framework/Versions/A/Libraries/libGFXShared.dylib
0x00007ffa23e5f000 	/System/Library/Frameworks/OpenGL.framework/Versions/A/Libraries/libGL.dylib
0x00007ffa23c5f000 	/System/Library/Frameworks/OpenGL.framework/Versions/A/Libraries/libGLImage.dylib
0x00007ffa23c53000 	/System/Library/Frameworks/OpenGL.framework/Versions/A/Libraries/libCVMSPluginSupport.dylib
0x00007ffa23c3e000 	/System/Library/Frameworks/OpenGL.framework/Versions/A/Libraries/libCoreVMClient.dylib
0x00007ff8144aa000 	/System/Library/Frameworks/MetalPerformanceShaders.framework/Versions/A/Frameworks/MPSCore.framework/Versions/A/MPSCore
0x00007ff81586c000 	/System/Library/Frameworks/MetalPerformanceShaders.framework/Versions/A/Frameworks/MPSImage.framework/Versions/A/MPSImage
0x00007ff815312000 	/System/Library/Frameworks/MetalPerformanceShaders.framework/Versions/A/Frameworks/MPSNeuralNetwork.framework/Versions/A/MPSNeuralNetwork
0x00007ff815786000 	/System/Library/Frameworks/MetalPerformanceShaders.framework/Versions/A/Frameworks/MPSMatrix.framework/Versions/A/MPSMatrix
0x00007ff815541000 	/System/Library/Frameworks/MetalPerformanceShaders.framework/Versions/A/Frameworks/MPSRayIntersector.framework/Versions/A/MPSRayIntersector
0x00007ff8157be000 	/System/Library/Frameworks/MetalPerformanceShaders.framework/Versions/A/Frameworks/MPSNDArray.framework/Versions/A/MPSNDArray
0x00007ffa29717000 	/System/Library/Frameworks/MetalPerformanceShaders.framework/Versions/A/Frameworks/MPSFunctions.framework/Versions/A/MPSFunctions
0x00007ff80b5f9000 	/System/Library/PrivateFrameworks/MetalTools.framework/Versions/A/MetalTools
0x00007ff814526000 	/System/Library/PrivateFrameworks/AggregateDictionary.framework/Versions/A/AggregateDictionary
0x00007ff816661000 	/usr/lib/libIOReport.dylib
0x00007ffa2526e000 	/System/Library/Frameworks/OpenCL.framework/Versions/A/OpenCL
0x00007ff8169c5000 	/System/Library/PrivateFrameworks/FaceCore.framework/Versions/A/FaceCore
0x00007ff8169b6000 	/System/Library/PrivateFrameworks/GraphVisualizer.framework/Versions/A/GraphVisualizer
0x00007ffb10c1a000 	/System/Library/PrivateFrameworks/FontServices.framework/Versions/A/FontServices
0x00007ff816ddf000 	/System/Library/PrivateFrameworks/OTSVG.framework/Versions/A/OTSVG
0x00007ff8122df000 	/System/Library/Frameworks/ApplicationServices.framework/Versions/A/Frameworks/ATS.framework/Versions/A/Resources/libFontRegistry.dylib
0x00007ff816e2f000 	/System/Library/PrivateFrameworks/FontServices.framework/libhvf.dylib
0x00007ffb10c1b000 	/System/Library/PrivateFrameworks/FontServices.framework/libXTFontStaticRegistryData.dylib
0x00007ff81682f000 	/System/Library/PrivateFrameworks/AppleVA.framework/Versions/A/AppleVA
0x00007ff818a1c000 	/System/Library/Frameworks/ApplicationServices.framework/Versions/A/Frameworks/ATS.framework/Versions/A/ATS
0x00007ff81098c000 	/System/Library/Frameworks/ApplicationServices.framework/Versions/A/Frameworks/HIServices.framework/Versions/A/HIServices
0x00007ff817926000 	/System/Library/Frameworks/ApplicationServices.framework/Versions/A/Frameworks/PrintCore.framework/Versions/A/PrintCore
0x00007ff818daa000 	/System/Library/Frameworks/ApplicationServices.framework/Versions/A/Frameworks/QD.framework/Versions/A/QD
0x00007ff818da2000 	/System/Library/Frameworks/ApplicationServices.framework/Versions/A/Frameworks/ColorSyncLegacy.framework/Versions/A/ColorSyncLegacy
0x00007ff818a0c000 	/System/Library/Frameworks/ApplicationServices.framework/Versions/A/Frameworks/SpeechSynthesis.framework/Versions/A/SpeechSynthesis
0x00007ff8178e7000 	/System/Library/Frameworks/ApplicationServices.framework/Versions/A/Frameworks/ATSUI.framework/Versions/A/ATSUI
0x00007ff818d37000 	/usr/lib/libcups.2.dylib
0x00007ff819106000 	/System/Library/Frameworks/Kerberos.framework/Versions/A/Kerberos
0x00007ff819115000 	/System/Library/Frameworks/GSS.framework/Versions/A/GSS
0x00007ff818a88000 	/usr/lib/libresolv.9.dylib
0x00007ff816e3e000 	/System/Library/PrivateFrameworks/Heimdal.framework/Versions/A/Heimdal
0x00007ff81fcfa000 	/System/Library/Frameworks/Kerberos.framework/Versions/A/Libraries/libHeimdalProxy.dylib
0x00007ff811649000 	/System/Library/Frameworks/Network.framework/Versions/A/Network
0x00007ff816899000 	/usr/lib/libheimdal-asn1.dylib
0x00007ff819160000 	/System/Library/PrivateFrameworks/CommonAuth.framework/Versions/A/CommonAuth
0x00007ff81898e000 	/System/Library/PrivateFrameworks/AudioSession.framework/Versions/A/AudioSession
0x00007ff816929000 	/System/Library/PrivateFrameworks/MediaExperience.framework/Versions/A/MediaExperience
0x00007ff818820000 	/System/Library/PrivateFrameworks/AudioSession.framework/libSessionUtility.dylib
0x00007ff818db6000 	/System/Library/PrivateFrameworks/AudioResourceArbitration.framework/Versions/A/AudioResourceArbitration
0x00007ff81ce37000 	/System/Library/PrivateFrameworks/PowerLog.framework/Versions/A/PowerLog
0x00007ff8168a2000 	/System/Library/PrivateFrameworks/IconFoundation.framework/Versions/A/IconFoundation
0x00007ff81bbed000 	/System/Library/PrivateFrameworks/SpeechRecognitionCore.framework/Versions/A/SpeechRecognitionCore
0x000000010f0e7000 	/Applications/Android Studio.app/Contents/jbr/Contents/Home/lib/server/libjvm.dylib
0x000000010dc50000 	/Applications/Android Studio.app/Contents/jbr/Contents/Home/lib/libjimage.dylib
0x000000010dcb0000 	/Applications/Android Studio.app/Contents/jbr/Contents/Home/lib/libjdwp.dylib
0x000000010dd00000 	/Applications/Android Studio.app/Contents/jbr/Contents/Home/lib/libjava.dylib
0x000000010dc76000 	/Applications/Android Studio.app/Contents/jbr/Contents/Home/lib/libinstrument.dylib
0x000000010ea7b000 	/Applications/Android Studio.app/Contents/jbr/Contents/Home/lib/libzip.dylib
0x000000010ea5e000 	/Applications/Android Studio.app/Contents/jbr/Contents/Home/lib/libdt_socket.dylib
0x000000010eac5000 	/Applications/Android Studio.app/Contents/jbr/Contents/Home/lib/libnio.dylib
0x000000010eb08000 	/Applications/Android Studio.app/Contents/jbr/Contents/Home/lib/libnet.dylib
0x000000010eae9000 	/Applications/Android Studio.app/Contents/jbr/Contents/Home/lib/libverify.dylib
0x000000010eaa7000 	/Applications/Android Studio.app/Contents/jbr/Contents/Home/lib/libextnet.dylib


VM Arguments:
jvm_args: -Djava.awt.headless=true -Dorg.gradle.internal.worker.tmpdir=/Users/user/androidProject/Movies/app/build/tmp/testDebugUnitTest/work -Dorg.gradle.native=false -agentlib:jdwp=transport=dt_socket,server=n,suspend=y,address=127.0.0.1:59061 -javaagent:/Users/user/.gradle/caches/modules-2/files-2.1/org.jetbrains.kotlinx/kotlinx-coroutines-core-jvm/1.7.1/63a0779cf668e2a47d13fda7c3b0c4f8dc7762f4/kotlinx-coroutines-core-jvm-1.7.1.jar -Xmx512m -Dfile.encoding=UTF-8 -Duser.country=ID -Duser.language=en -Duser.variant -ea 
java_command: worker.org.gradle.process.internal.worker.GradleWorkerMain 'Gradle Test Executor 1'
java_class_path (initial): /Users/user/.gradle/caches/8.0/workerMain/gradle-worker.jar:/Users/user/androidProject/Movies/app/build/tmp/kotlin-classes/debugUnitTest:/Users/user/androidProject/Movies/app/build/tmp/kapt3/classes/debugUnitTest:/Users/user/androidProject/Movies/app/build/intermediates/runtime_app_classes_jar/debug/classes.jar:/Users/user/.gradle/caches/modules-2/files-2.1/org.jetbrains.kotlin/kotlin-test-junit/1.8.20/17d35660f399d42a63adea4fbda24d8e24ffd946/kotlin-test-junit-1.8.20.jar:/Users/user/.gradle/caches/modules-2/files-2.1/org.jetbrains.kotlin/kotlin-test/1.8.20/b38aa646a8abfc337db6634fb4848d481a8376e8/kotlin-test-1.8.20.jar:/Users/user/.gradle/caches/transforms-3/4132097d2f53aa501d51aa79e2db7db3/transformed/library-4.0.0-runtime.jar:/Users/user/.gradle/caches/modules-2/files-2.1/com.squareup.okhttp3/mockwebserver/4.11.0/1dc21cc47456f1e564a698102e6505eff931780f/mockwebserver-4.11.0.jar:/Users/user/.gradle/caches/modules-2/files-2.1/junit/junit/4.13.2/8ac9e16d933b6fb43bc7f576336b8f4d7eb5ba12/junit-4.13.2.jar:/Users/user/.gradle/caches/modules-2/files-2.1/com.nhaarman.mockitokotlin2/mockito-kotlin/2.2.0/53138f767943304a290855cf1d8b60fc6d1c4bbe/mockito-kotlin-2.2.0.jar:/Users/user/.gradle/caches/modules-2/files-2.1/org.mockito/mockito-inline/4.4.0/3d1dffee9a8a1998ec782383ca2f818848f2d5f1/mockito-inline-4.4.0.jar:/Users/user/.gradle/caches/transforms-3/758c1681f3c0e538765ff9af80d5e855/transformed/coil-compose-2.4.0-runtime.jar:/Users/user/.gradle/caches/transforms-3/71cbacc4ffa1a98b3b5595b8de748d37/transformed/core-12.1.0-runtime.jar:/Users/user/.gradle/caches/modules-2/files-2.1/com.squareup.retrofit2/converter-gson/2.9.0/fc93484fc67ab52b1e0ccbdaa3922d8a6678e097/converter-gson-2.9.0.jar:/Users/user/.gradle/caches/modules-2/files-2.1/com.squareup.retrofit2/adapter-rxjava2/2.9.0/180ad7353dbf0480cabc215948b5a234e3692f0a/adapter-rxjava2-2.9.0.jar:/Users/user/.gradle/caches/modules-2/files-2.1/com.squareup.retrofit2/retrofit/2.9.0/d8fdfbd5da952141a665
Launcher Type: SUN_STANDARD

[Global flags]
     intx CICompilerCount                          = 3                                         {product} {ergonomic}
     uint ConcGCThreads                            = 1                                         {product} {ergonomic}
     uint G1ConcRefinementThreads                  = 4                                         {product} {ergonomic}
   size_t G1HeapRegionSize                         = 1048576                                   {product} {ergonomic}
    uintx GCDrainStackTargetSize                   = 64                                        {product} {ergonomic}
   size_t InitialHeapSize                          = 268435456                                 {product} {ergonomic}
   size_t MarkStackSize                            = 4194304                                   {product} {ergonomic}
   size_t MaxHeapSize                              = 536870912                                 {product} {command line}
   size_t MaxNewSize                               = 321912832                                 {product} {ergonomic}
   size_t MinHeapDeltaBytes                        = 1048576                                   {product} {ergonomic}
   size_t MinHeapSize                              = 8388608                                   {product} {ergonomic}
    uintx NonNMethodCodeHeapSize                   = 5832780                                {pd product} {ergonomic}
    uintx NonProfiledCodeHeapSize                  = 122912730                              {pd product} {ergonomic}
    uintx ProfiledCodeHeapSize                     = 122912730                              {pd product} {ergonomic}
    uintx ReservedCodeCacheSize                    = 251658240                              {pd product} {ergonomic}
     bool SegmentedCodeCache                       = true                                      {product} {ergonomic}
   size_t SoftMaxHeapSize                          = 536870912                              {manageable} {ergonomic}
     bool UseCompressedClassPointers               = true                           {product lp64_product} {ergonomic}
     bool UseCompressedOops                        = true                           {product lp64_product} {ergonomic}
     bool UseG1GC                                  = true                                      {product} {ergonomic}
     bool UseNUMA                                  = false                                     {product} {ergonomic}
     bool UseNUMAInterleaving                      = false                                     {product} {ergonomic}

Logging:
Log output configuration:
 #0: stdout all=warning uptime,level,tags
 #1: stderr all=off uptime,level,tags

Environment Variables:
PATH=/usr/local/bin:/usr/bin:/bin:/usr/sbin:/sbin
SHELL=/bin/zsh
LC_CTYPE=en_US.UTF-8
TMPDIR=/var/folders/sc/xgj0pq6j5j3cnp1vy_xx3t6c0000gn/T/

Signal Handlers:
   SIGSEGV: _ZL13crash_handleriP9__siginfoPv in libjvm.dylib, mask=11100110000111110111111111111111, flags=SA_RESTART|SA_SIGINFO
    SIGBUS: _ZL13crash_handleriP9__siginfoPv in libjvm.dylib, mask=11100110000111110111111111111111, flags=SA_RESTART|SA_SIGINFO
    SIGFPE: _ZL13crash_handleriP9__siginfoPv in libjvm.dylib, mask=11100110000111110111111111111111, flags=SA_RESTART|SA_SIGINFO
   SIGPIPE: _ZL17javaSignalHandleriP9__siginfoPv in libjvm.dylib, mask=11100110000111110111111111111111, flags=SA_RESTART|SA_SIGINFO
   SIGXFSZ: _ZL17javaSignalHandleriP9__siginfoPv in libjvm.dylib, mask=11100110000111110111111111111111, flags=SA_RESTART|SA_SIGINFO
    SIGILL: _ZL13crash_handleriP9__siginfoPv in libjvm.dylib, mask=11100110000111110111111111111111, flags=SA_RESTART|SA_SIGINFO
   SIGUSR2: _ZL10SR_handleriP9__siginfoP17__darwin_ucontext in libjvm.dylib, mask=00100000000000000000000000000000, flags=SA_RESTART|SA_SIGINFO
    SIGHUP: _ZL11UserHandleriPvS_ in libjvm.dylib, mask=11100110000111110111111111111111, flags=SA_RESTART|SA_SIGINFO
    SIGINT: _ZL11UserHandleriPvS_ in libjvm.dylib, mask=11100110000111110111111111111111, flags=SA_RESTART|SA_SIGINFO
   SIGTERM: _ZL11UserHandleriPvS_ in libjvm.dylib, mask=11100110000111110111111111111111, flags=SA_RESTART|SA_SIGINFO
   SIGQUIT: _ZL11UserHandleriPvS_ in libjvm.dylib, mask=11100110000111110111111111111111, flags=SA_RESTART|SA_SIGINFO
   SIGTRAP: _ZL13crash_handleriP9__siginfoPv in libjvm.dylib, mask=11100110000111110111111111111111, flags=SA_RESTART|SA_SIGINFO


---------------  S Y S T E M  ---------------

OS:
uname: Darwin 21.6.0 Darwin Kernel Version 21.6.0: Thu Sep 29 20:12:57 PDT 2022; root:xnu-8020.240.7~1/RELEASE_X86_64 x86_64
OS uptime: 0 days 4:22 hours
rlimit (soft/hard): STACK 8192k/65532k , CORE 0k/infinity , NPROC 2784/4176 , NOFILE 10240/infinity , AS infinity/infinity , CPU infinity/infinity , DATA infinity/infinity , FSIZE infinity/infinity , MEMLOCK infinity/infinity , RSS infinity/infinity
load average: 3.32 2.83 2.96

CPU: total 4 (initial active 4) (2 cores per cpu, 2 threads per core) family 6 model 142 stepping 9 microcode 0xf0, cx8, cmov, fxsr, ht, mmx, 3dnowpref, sse, sse2, sse3, ssse3, sse4.1, sse4.2, popcnt, lzcnt, tsc, tscinvbit, avx, avx2, aes, erms, clmul, bmi1, bmi2, rtm, adx, fma, vzeroupper, clflush, clflushopt

Memory: 4k page, physical 16777216k(30868k free), swap 2097152k(1547008k free)

vm_info: OpenJDK 64-Bit Server VM (17.0.6+0-17.0.6b802.4-9586694) for bsd-amd64 JRE (17.0.6+0-17.0.6b802.4-9586694), built on Feb  9 2023 11:13:33 by "androidbuild" with clang Android (7284624, based on r416183b) Clang 12.0.5 (https://android.googlesource.com/toolchain/llvm-project c935d99d7cf2016289302412d708641d52d2f7ee)

END.
